Release 14.7 - xst P.20131013 (nt64)
Copyright (c) 1995-2013 Xilinx, Inc.  All rights reserved.
--> Parameter TMPDIR set to xst/projnav.tmp


Total REAL time to Xst completion: 0.00 secs
Total CPU time to Xst completion: 0.08 secs
 
--> Parameter xsthdpdir set to xst


Total REAL time to Xst completion: 0.00 secs
Total CPU time to Xst completion: 0.08 secs
 
--> Reading design: anti_jitter.prj

TABLE OF CONTENTS
  1) Synthesis Options Summary
  2) HDL Parsing
  3) HDL Elaboration
  4) HDL Synthesis
       4.1) HDL Synthesis Report
  5) Advanced HDL Synthesis
       5.1) Advanced HDL Synthesis Report
  6) Low Level Synthesis
  7) Partition Report
  8) Design Summary
       8.1) Primitive and Black Box Usage
       8.2) Device utilization summary
       8.3) Partition Resource Summary
       8.4) Timing Report
            8.4.1) Clock Information
            8.4.2) Asynchronous Control Signals Information
            8.4.3) Timing Summary
            8.4.4) Timing Details
            8.4.5) Cross Clock Domains Report


=========================================================================
*                      Synthesis Options Summary                        *
=========================================================================
---- Source Parameters
Input File Name                    : "anti_jitter.prj"
Ignore Synthesis Constraint File   : NO

---- Target Parameters
Output File Name                   : "anti_jitter"
Output Format                      : NGC
Target Device                      : xc7k325t-2L-ffg676

---- Source Options
Top Module Name                    : anti_jitter
Automatic FSM Extraction           : YES
FSM Encoding Algorithm             : Auto
Safe Implementation                : No
FSM Style                          : LUT
RAM Extraction                     : Yes
RAM Style                          : Auto
ROM Extraction                     : Yes
Shift Register Extraction          : YES
ROM Style                          : Auto
Resource Sharing                   : YES
Asynchronous To Synchronous        : NO
Shift Register Minimum Size        : 2
Use DSP Block                      : Auto
Automatic Register Balancing       : No

---- Target Options
LUT Combining                      : Auto
Reduce Control Sets                : Auto
Add IO Buffers                     : YES
Global Maximum Fanout              : 100000
Add Generic Clock Buffer(BUFG)     : 32
Register Duplication               : YES
Optimize Instantiated Primitives   : NO
Use Clock Enable                   : Auto
Use Synchronous Set                : Auto
Use Synchronous Reset              : Auto
Pack IO Registers into IOBs        : Auto
Equivalent register Removal        : YES

---- General Options
Optimization Goal                  : Speed
Optimization Effort                : 1
Power Reduction                    : NO
Keep Hierarchy                     : No
Netlist Hierarchy                  : As_Optimized
RTL Output                         : Yes
Global Optimization                : AllClockNets
Read Cores                         : YES
Write Timing Constraints           : NO
Cross Clock Analysis               : NO
Hierarchy Separator                : /
Bus Delimiter                      : <>
Case Specifier                     : Maintain
Slice Utilization Ratio            : 100
BRAM Utilization Ratio             : 100
DSP48 Utilization Ratio            : 100
Auto BRAM Packing                  : NO
Slice Utilization Ratio Delta      : 5

---- Other Options
Cores Search Directories           : {"ipcore_dir"  }

=========================================================================


=========================================================================
*                          HDL Parsing                                  *
=========================================================================
Analyzing Verilog file "F:\MyProgramme\0arch\PCPU\anti_jitter.v" into library work
Parsing module <anti_jitter>.

=========================================================================
*                            HDL Elaboration                            *
=========================================================================

Elaborating module <anti_jitter>.

=========================================================================
*                           HDL Synthesis                               *
=========================================================================

Synthesizing Unit <anti_jitter>.
    Related source file is "F:\MyProgramme\0arch\PCPU\anti_jitter.v".
    Found 17-bit register for signal <counter>.
    Found 1-bit register for signal <out>.
    Found 1-bit register for signal <temp>.
    Found 17-bit adder for signal <counter[16]_GND_1_o_add_3_OUT> created at line 36.
    Found 1-bit comparator equal for signal <n0000> created at line 31
    Found 17-bit comparator greater for signal <counter[16]_PWR_1_o_LessThan_3_o> created at line 35
    Summary:
	inferred   1 Adder/Subtractor(s).
	inferred  19 D-type flip-flop(s).
	inferred   2 Comparator(s).
Unit <anti_jitter> synthesized.

=========================================================================
HDL Synthesis Report

Macro Statistics
# Adders/Subtractors                                   : 1
 17-bit adder                                          : 1
# Registers                                            : 3
 1-bit register                                        : 2
 17-bit register                                       : 1
# Comparators                                          : 2
 1-bit comparator equal                                : 1
 17-bit comparator greater                             : 1

=========================================================================

=========================================================================
*                       Advanced HDL Synthesis                          *
=========================================================================


Synthesizing (advanced) Unit <anti_jitter>.
The following registers are absorbed into counter <counter>: 1 register on signal <counter>.
Unit <anti_jitter> synthesized (advanced).

=========================================================================
Advanced HDL Synthesis Report

Macro Statistics
# Counters                                             : 1
 17-bit up counter                                     : 1
# Registers                                            : 2
 Flip-Flops                                            : 2
# Comparators                                          : 2
 1-bit comparator equal                                : 1
 17-bit comparator greater                             : 1

=========================================================================

=========================================================================
*                         Low Level Synthesis                           *
=========================================================================

Optimizing unit <anti_jitter> ...

Mapping all equations...
Building and optimizing final netlist ...
Found area constraint ratio of 100 (+ 5) on block anti_jitter, actual ratio is 0.

Final Macro Processing ...

=========================================================================
Final Register Report

Macro Statistics
# Registers                                            : 19
 Flip-Flops                                            : 19

=========================================================================

=========================================================================
*                           Partition Report                            *
=========================================================================

Partition Implementation Status
-------------------------------

  No Partitions were found in this design.

-------------------------------

=========================================================================
*                            Design Summary                             *
=========================================================================

Top Level Output File Name         : anti_jitter.ngc

Primitive and Black Box Usage:
------------------------------
# BELS                             : 58
#      GND                         : 1
#      INV                         : 1
#      LUT1                        : 16
#      LUT2                        : 1
#      LUT4                        : 3
#      LUT6                        : 2
#      MUXCY                       : 16
#      VCC                         : 1
#      XORCY                       : 17
# FlipFlops/Latches                : 19
#      FD                          : 2
#      FDRE                        : 17
# Clock Buffers                    : 1
#      BUFGP                       : 1
# IO Buffers                       : 2
#      IBUF                        : 1
#      OBUF                        : 1

Device utilization summary:
---------------------------

Selected Device : 7k325tffg676-2l 


Slice Logic Utilization: 
 Number of Slice Registers:              19  out of  407600     0%  
 Number of Slice LUTs:                   23  out of  203800     0%  
    Number used as Logic:                23  out of  203800     0%  

Slice Logic Distribution: 
 Number of LUT Flip Flop pairs used:     23
   Number with an unused Flip Flop:       4  out of     23    17%  
   Number with an unused LUT:             0  out of     23     0%  
   Number of fully used LUT-FF pairs:    19  out of     23    82%  
   Number of unique control sets:         2

IO Utilization: 
 Number of IOs:                           3
 Number of bonded IOBs:                   3  out of    400     0%  

Specific Feature Utilization:
 Number of BUFG/BUFGCTRLs:                1  out of     32     3%  

---------------------------
Partition Resource Summary:
---------------------------

  No Partitions were found in this design.

---------------------------


=========================================================================
Timing Report

NOTE: THESE TIMING NUMBERS ARE ONLY A SYNTHESIS ESTIMATE.
      FOR ACCURATE TIMING INFORMATION PLEASE REFER TO THE TRACE REPORT
      GENERATED AFTER PLACE-and-ROUTE.

Clock Information:
------------------
-----------------------------------+------------------------+-------+
Clock Signal                       | Clock buffer(FF name)  | Load  |
-----------------------------------+------------------------+-------+
clk                                | BUFGP                  | 19    |
-----------------------------------+------------------------+-------+

Asynchronous Control Signals Information:
----------------------------------------
No asynchronous control signals found in this design

Timing Summary:
---------------
Speed Grade: -2

   Minimum period: 1.886ns (Maximum Frequency: 530.293MHz)
   Minimum input arrival time before clock: 1.098ns
   Maximum output required time after clock: 0.587ns
   Maximum combinational path delay: No path found

Timing Details:
---------------
All values displayed in nanoseconds (ns)

=========================================================================
Timing constraint: Default period analysis for Clock 'clk'
  Clock period: 1.886ns (frequency: 530.293MHz)
  Total number of paths / destination ports: 390 / 52
-------------------------------------------------------------------------
Delay:               1.886ns (Levels of Logic = 2)
  Source:            counter_8 (FF)
  Destination:       counter_0 (FF)
  Source Clock:      clk rising
  Destination Clock: clk rising

  Data Path: counter_8 to counter_0
                                Gate     Net
    Cell:in->out      fanout   Delay   Delay  Logical Name (Net Name)
    ----------------------------------------  ------------
     FDRE:C->Q             2   0.236   0.618  counter_8 (counter_8)
     LUT6:I0->O            2   0.043   0.355  counter[16]_PWR_1_o_LessThan_3_o11 (counter[16]_PWR_1_o_LessThan_3_o1)
     LUT4:I3->O           17   0.043   0.429  counter[16]_PWR_1_o_LessThan_3_o13 (counter[16]_PWR_1_o_LessThan_3_o)
     FDRE:CE                   0.161          counter_0
    ----------------------------------------
    Total                      1.886ns (0.483ns logic, 1.403ns route)
                                       (25.6% logic, 74.4% route)

=========================================================================
Timing constraint: Default OFFSET IN BEFORE for Clock 'clk'
  Total number of paths / destination ports: 19 / 19
-------------------------------------------------------------------------
Offset:              1.098ns (Levels of Logic = 2)
  Source:            in (PAD)
  Destination:       counter_0 (FF)
  Destination Clock: clk rising

  Data Path: in to counter_0
                                Gate     Net
    Cell:in->out      fanout   Delay   Delay  Logical Name (Net Name)
    ----------------------------------------  ------------
     IBUF:I->O             3   0.000   0.362  in_IBUF (in_IBUF)
     LUT2:I1->O           17   0.043   0.429  n0000_inv1 (n0000_inv)
     FDRE:R                    0.264          counter_0
    ----------------------------------------
    Total                      1.098ns (0.307ns logic, 0.791ns route)
                                       (28.0% logic, 72.0% route)

=========================================================================
Timing constraint: Default OFFSET OUT AFTER for Clock 'clk'
  Total number of paths / destination ports: 1 / 1
-------------------------------------------------------------------------
Offset:              0.587ns (Levels of Logic = 1)
  Source:            out (FF)
  Destination:       out (PAD)
  Source Clock:      clk rising

  Data Path: out to out
                                Gate     Net
    Cell:in->out      fanout   Delay   Delay  Logical Name (Net Name)
    ----------------------------------------  ------------
     FD:C->Q               3   0.236   0.351  out (out_OBUF)
     OBUF:I->O                 0.000          out_OBUF (out)
    ----------------------------------------
    Total                      0.587ns (0.236ns logic, 0.351ns route)
                                       (40.2% logic, 59.8% route)

=========================================================================

Cross Clock Domains Report:
--------------------------

Clock to Setup on destination clock clk
---------------+---------+---------+---------+---------+
               | Src:Rise| Src:Fall| Src:Rise| Src:Fall|
Source Clock   |Dest:Rise|Dest:Rise|Dest:Fall|Dest:Fall|
---------------+---------+---------+---------+---------+
clk            |    1.886|         |         |         |
---------------+---------+---------+---------+---------+

=========================================================================


Total REAL time to Xst completion: 11.00 secs
Total CPU time to Xst completion: 11.18 secs
 
--> 

Total memory usage is 440312 kilobytes

Number of errors   :    0 (   0 filtered)
Number of warnings :    0 (   0 filtered)
Number of infos    :    0 (   0 filtered)

