Release 14.7 - xst P.20131013 (nt64)
Copyright (c) 1995-2013 Xilinx, Inc.  All rights reserved.
--> Parameter TMPDIR set to xst/projnav.tmp


Total REAL time to Xst completion: 1.00 secs
Total CPU time to Xst completion: 0.11 secs
 
--> Parameter xsthdpdir set to xst


Total REAL time to Xst completion: 1.00 secs
Total CPU time to Xst completion: 0.11 secs
 
--> Reading design: Compare.prj

TABLE OF CONTENTS
  1) Synthesis Options Summary
  2) HDL Parsing
  3) HDL Elaboration
  4) HDL Synthesis
       4.1) HDL Synthesis Report
  5) Advanced HDL Synthesis
       5.1) Advanced HDL Synthesis Report
  6) Low Level Synthesis
  7) Partition Report
  8) Design Summary
       8.1) Primitive and Black Box Usage
       8.2) Device utilization summary
       8.3) Partition Resource Summary
       8.4) Timing Report
            8.4.1) Clock Information
            8.4.2) Asynchronous Control Signals Information
            8.4.3) Timing Summary
            8.4.4) Timing Details
            8.4.5) Cross Clock Domains Report


=========================================================================
*                      Synthesis Options Summary                        *
=========================================================================
---- Source Parameters
Input File Name                    : "Compare.prj"
Ignore Synthesis Constraint File   : NO

---- Target Parameters
Output File Name                   : "Compare"
Output Format                      : NGC
Target Device                      : xc7k325t-2L-ffg676

---- Source Options
Top Module Name                    : Compare
Automatic FSM Extraction           : YES
FSM Encoding Algorithm             : Auto
Safe Implementation                : No
FSM Style                          : LUT
RAM Extraction                     : Yes
RAM Style                          : Auto
ROM Extraction                     : Yes
Shift Register Extraction          : YES
ROM Style                          : Auto
Resource Sharing                   : YES
Asynchronous To Synchronous        : NO
Shift Register Minimum Size        : 2
Use DSP Block                      : Auto
Automatic Register Balancing       : No

---- Target Options
LUT Combining                      : Auto
Reduce Control Sets                : Auto
Add IO Buffers                     : YES
Global Maximum Fanout              : 100000
Add Generic Clock Buffer(BUFG)     : 32
Register Duplication               : YES
Optimize Instantiated Primitives   : NO
Use Clock Enable                   : Auto
Use Synchronous Set                : Auto
Use Synchronous Reset              : Auto
Pack IO Registers into IOBs        : Auto
Equivalent register Removal        : YES

---- General Options
Optimization Goal                  : Speed
Optimization Effort                : 1
Power Reduction                    : NO
Keep Hierarchy                     : No
Netlist Hierarchy                  : As_Optimized
RTL Output                         : Yes
Global Optimization                : AllClockNets
Read Cores                         : YES
Write Timing Constraints           : NO
Cross Clock Analysis               : NO
Hierarchy Separator                : /
Bus Delimiter                      : <>
Case Specifier                     : Maintain
Slice Utilization Ratio            : 100
BRAM Utilization Ratio             : 100
DSP48 Utilization Ratio            : 100
Auto BRAM Packing                  : NO
Slice Utilization Ratio Delta      : 5

---- Other Options
Cores Search Directories           : {"ipcore_dir"  }

=========================================================================


=========================================================================
*                          HDL Parsing                                  *
=========================================================================
Analyzing Verilog file "F:\MyProgramme\0arch\PCPU\Compare.v" into library work
Parsing module <Compare>.
Analyzing Verilog file "F:\MyProgramme\0arch\PCPU\MUL_ALU.vf" into library work
Parsing module <MUL_ALU>.

=========================================================================
*                            HDL Elaboration                            *
=========================================================================

Elaborating module <Compare>.

=========================================================================
*                           HDL Synthesis                               *
=========================================================================

Synthesizing Unit <Compare>.
    Related source file is "F:\MyProgramme\0arch\PCPU\Compare.v".
    Found 1-bit register for signal <timer_int>.
    Found 32-bit register for signal <Q>.
    Found 32-bit comparator equal for signal <count[31]_compare[31]_equal_2_o> created at line 44
    Summary:
	inferred  33 D-type flip-flop(s).
	inferred   1 Comparator(s).
Unit <Compare> synthesized.

=========================================================================
HDL Synthesis Report

Macro Statistics
# Registers                                            : 2
 1-bit register                                        : 1
 32-bit register                                       : 1
# Comparators                                          : 1
 32-bit comparator equal                               : 1

=========================================================================

=========================================================================
*                       Advanced HDL Synthesis                          *
=========================================================================


=========================================================================
Advanced HDL Synthesis Report

Macro Statistics
# Registers                                            : 33
 Flip-Flops                                            : 33
# Comparators                                          : 1
 32-bit comparator equal                               : 1

=========================================================================

=========================================================================
*                         Low Level Synthesis                           *
=========================================================================

Optimizing unit <Compare> ...

Mapping all equations...
Building and optimizing final netlist ...
Found area constraint ratio of 100 (+ 5) on block Compare, actual ratio is 0.
FlipFlop compare_31 has been replicated 1 time(s) to handle iob=true attribute.
FlipFlop compare_30 has been replicated 1 time(s) to handle iob=true attribute.
FlipFlop compare_29 has been replicated 1 time(s) to handle iob=true attribute.
FlipFlop compare_28 has been replicated 1 time(s) to handle iob=true attribute.
FlipFlop compare_27 has been replicated 1 time(s) to handle iob=true attribute.
FlipFlop compare_26 has been replicated 1 time(s) to handle iob=true attribute.
FlipFlop compare_25 has been replicated 1 time(s) to handle iob=true attribute.
FlipFlop compare_24 has been replicated 1 time(s) to handle iob=true attribute.
FlipFlop compare_23 has been replicated 1 time(s) to handle iob=true attribute.
FlipFlop compare_22 has been replicated 1 time(s) to handle iob=true attribute.
FlipFlop compare_21 has been replicated 1 time(s) to handle iob=true attribute.
FlipFlop compare_20 has been replicated 1 time(s) to handle iob=true attribute.
FlipFlop compare_19 has been replicated 1 time(s) to handle iob=true attribute.
FlipFlop compare_18 has been replicated 1 time(s) to handle iob=true attribute.
FlipFlop compare_17 has been replicated 1 time(s) to handle iob=true attribute.
FlipFlop compare_16 has been replicated 1 time(s) to handle iob=true attribute.
FlipFlop compare_15 has been replicated 1 time(s) to handle iob=true attribute.
FlipFlop compare_14 has been replicated 1 time(s) to handle iob=true attribute.
FlipFlop compare_13 has been replicated 1 time(s) to handle iob=true attribute.
FlipFlop compare_12 has been replicated 1 time(s) to handle iob=true attribute.
FlipFlop compare_11 has been replicated 1 time(s) to handle iob=true attribute.
FlipFlop compare_10 has been replicated 1 time(s) to handle iob=true attribute.
FlipFlop compare_9 has been replicated 1 time(s) to handle iob=true attribute.
FlipFlop compare_8 has been replicated 1 time(s) to handle iob=true attribute.
FlipFlop compare_7 has been replicated 1 time(s) to handle iob=true attribute.
FlipFlop compare_6 has been replicated 1 time(s) to handle iob=true attribute.
FlipFlop compare_5 has been replicated 1 time(s) to handle iob=true attribute.
FlipFlop compare_4 has been replicated 1 time(s) to handle iob=true attribute.
FlipFlop compare_3 has been replicated 1 time(s) to handle iob=true attribute.
FlipFlop compare_2 has been replicated 1 time(s) to handle iob=true attribute.
FlipFlop compare_1 has been replicated 1 time(s) to handle iob=true attribute.
FlipFlop compare_0 has been replicated 1 time(s) to handle iob=true attribute.

Final Macro Processing ...

=========================================================================
Final Register Report

Macro Statistics
# Registers                                            : 65
 Flip-Flops                                            : 65

=========================================================================

=========================================================================
*                           Partition Report                            *
=========================================================================

Partition Implementation Status
-------------------------------

  No Partitions were found in this design.

-------------------------------

=========================================================================
*                            Design Summary                             *
=========================================================================

Top Level Output File Name         : Compare.ngc

Primitive and Black Box Usage:
------------------------------
# BELS                             : 28
#      GND                         : 1
#      INV                         : 1
#      LUT2                        : 1
#      LUT4                        : 1
#      LUT6                        : 10
#      MUXCY                       : 13
#      VCC                         : 1
# FlipFlops/Latches                : 65
#      FDR                         : 1
#      FDSE                        : 64
# Clock Buffers                    : 1
#      BUFGP                       : 1
# IO Buffers                       : 99
#      IBUF                        : 66
#      OBUF                        : 33

Device utilization summary:
---------------------------

Selected Device : 7k325tffg676-2l 


Slice Logic Utilization: 
 Number of Slice Registers:              33  out of  407600     0%  
 Number of Slice LUTs:                   13  out of  203800     0%  
    Number used as Logic:                13  out of  203800     0%  

Slice Logic Distribution: 
 Number of LUT Flip Flop pairs used:     46
   Number with an unused Flip Flop:      13  out of     46    28%  
   Number with an unused LUT:            33  out of     46    71%  
   Number of fully used LUT-FF pairs:     0  out of     46     0%  
   Number of unique control sets:         2

IO Utilization: 
 Number of IOs:                         100
 Number of bonded IOBs:                 100  out of    400    25%  
    IOB Flip Flops/Latches:              32

Specific Feature Utilization:
 Number of BUFG/BUFGCTRLs:                1  out of     32     3%  

---------------------------
Partition Resource Summary:
---------------------------

  No Partitions were found in this design.

---------------------------


=========================================================================
Timing Report

NOTE: THESE TIMING NUMBERS ARE ONLY A SYNTHESIS ESTIMATE.
      FOR ACCURATE TIMING INFORMATION PLEASE REFER TO THE TRACE REPORT
      GENERATED AFTER PLACE-and-ROUTE.

Clock Information:
------------------
-----------------------------------+------------------------+-------+
Clock Signal                       | Clock buffer(FF name)  | Load  |
-----------------------------------+------------------------+-------+
clk                                | BUFGP                  | 65    |
-----------------------------------+------------------------+-------+

Asynchronous Control Signals Information:
----------------------------------------
No asynchronous control signals found in this design

Timing Summary:
---------------
Speed Grade: -2

   Minimum period: 1.326ns (Maximum Frequency: 754.063MHz)
   Minimum input arrival time before clock: 1.208ns
   Maximum output required time after clock: 0.580ns
   Maximum combinational path delay: No path found

Timing Details:
---------------
All values displayed in nanoseconds (ns)

=========================================================================
Timing constraint: Default period analysis for Clock 'clk'
  Clock period: 1.326ns (frequency: 754.063MHz)
  Total number of paths / destination ports: 33 / 1
-------------------------------------------------------------------------
Delay:               1.326ns (Levels of Logic = 14)
  Source:            compare_2 (FF)
  Destination:       int_ (FF)
  Source Clock:      clk rising
  Destination Clock: clk rising

  Data Path: compare_2 to int_
                                Gate     Net
    Cell:in->out      fanout   Delay   Delay  Logical Name (Net Name)
    ----------------------------------------  ------------
     FDSE:C->Q             1   0.236   0.495  compare_2 (compare_2)
     LUT6:I3->O            1   0.043   0.000  Mcompar_count[31]_compare[31]_equal_2_o_lut<0> (Mcompar_count[31]_compare[31]_equal_2_o_lut<0>)
     MUXCY:S->O            1   0.238   0.000  Mcompar_count[31]_compare[31]_equal_2_o_cy<0> (Mcompar_count[31]_compare[31]_equal_2_o_cy<0>)
     MUXCY:CI->O           1   0.014   0.000  Mcompar_count[31]_compare[31]_equal_2_o_cy<1> (Mcompar_count[31]_compare[31]_equal_2_o_cy<1>)
     MUXCY:CI->O           1   0.014   0.000  Mcompar_count[31]_compare[31]_equal_2_o_cy<2> (Mcompar_count[31]_compare[31]_equal_2_o_cy<2>)
     MUXCY:CI->O           1   0.014   0.000  Mcompar_count[31]_compare[31]_equal_2_o_cy<3> (Mcompar_count[31]_compare[31]_equal_2_o_cy<3>)
     MUXCY:CI->O           1   0.014   0.000  Mcompar_count[31]_compare[31]_equal_2_o_cy<4> (Mcompar_count[31]_compare[31]_equal_2_o_cy<4>)
     MUXCY:CI->O           1   0.013   0.000  Mcompar_count[31]_compare[31]_equal_2_o_cy<5> (Mcompar_count[31]_compare[31]_equal_2_o_cy<5>)
     MUXCY:CI->O           1   0.014   0.000  Mcompar_count[31]_compare[31]_equal_2_o_cy<6> (Mcompar_count[31]_compare[31]_equal_2_o_cy<6>)
     MUXCY:CI->O           1   0.014   0.000  Mcompar_count[31]_compare[31]_equal_2_o_cy<7> (Mcompar_count[31]_compare[31]_equal_2_o_cy<7>)
     MUXCY:CI->O           1   0.014   0.000  Mcompar_count[31]_compare[31]_equal_2_o_cy<8> (Mcompar_count[31]_compare[31]_equal_2_o_cy<8>)
     MUXCY:CI->O           1   0.014   0.000  Mcompar_count[31]_compare[31]_equal_2_o_cy<9> (Mcompar_count[31]_compare[31]_equal_2_o_cy<9>)
     MUXCY:CI->O           1   0.014   0.000  Mcompar_count[31]_compare[31]_equal_2_o_cy<10> (count[31]_compare[31]_equal_2_o)
     MUXCY:CI->O           1   0.014   0.000  int__glue_set_cy (count[31]_compare[31]_equal_2_o_l1)
     MUXCY:CI->O           1   0.166   0.000  int__glue_set_cy1 (int__glue_set)
     FDR:D                    -0.000          int_
    ----------------------------------------
    Total                      1.326ns (0.831ns logic, 0.495ns route)
                                       (62.7% logic, 37.3% route)

=========================================================================
Timing constraint: Default OFFSET IN BEFORE for Clock 'clk'
  Total number of paths / destination ports: 227 / 194
-------------------------------------------------------------------------
Offset:              1.208ns (Levels of Logic = 15)
  Source:            count<2> (PAD)
  Destination:       int_ (FF)
  Destination Clock: clk rising

  Data Path: count<2> to int_
                                Gate     Net
    Cell:in->out      fanout   Delay   Delay  Logical Name (Net Name)
    ----------------------------------------  ------------
     IBUF:I->O             1   0.000   0.613  count_2_IBUF (count_2_IBUF)
     LUT6:I0->O            1   0.043   0.000  Mcompar_count[31]_compare[31]_equal_2_o_lut<0> (Mcompar_count[31]_compare[31]_equal_2_o_lut<0>)
     MUXCY:S->O            1   0.238   0.000  Mcompar_count[31]_compare[31]_equal_2_o_cy<0> (Mcompar_count[31]_compare[31]_equal_2_o_cy<0>)
     MUXCY:CI->O           1   0.014   0.000  Mcompar_count[31]_compare[31]_equal_2_o_cy<1> (Mcompar_count[31]_compare[31]_equal_2_o_cy<1>)
     MUXCY:CI->O           1   0.014   0.000  Mcompar_count[31]_compare[31]_equal_2_o_cy<2> (Mcompar_count[31]_compare[31]_equal_2_o_cy<2>)
     MUXCY:CI->O           1   0.014   0.000  Mcompar_count[31]_compare[31]_equal_2_o_cy<3> (Mcompar_count[31]_compare[31]_equal_2_o_cy<3>)
     MUXCY:CI->O           1   0.014   0.000  Mcompar_count[31]_compare[31]_equal_2_o_cy<4> (Mcompar_count[31]_compare[31]_equal_2_o_cy<4>)
     MUXCY:CI->O           1   0.013   0.000  Mcompar_count[31]_compare[31]_equal_2_o_cy<5> (Mcompar_count[31]_compare[31]_equal_2_o_cy<5>)
     MUXCY:CI->O           1   0.014   0.000  Mcompar_count[31]_compare[31]_equal_2_o_cy<6> (Mcompar_count[31]_compare[31]_equal_2_o_cy<6>)
     MUXCY:CI->O           1   0.014   0.000  Mcompar_count[31]_compare[31]_equal_2_o_cy<7> (Mcompar_count[31]_compare[31]_equal_2_o_cy<7>)
     MUXCY:CI->O           1   0.014   0.000  Mcompar_count[31]_compare[31]_equal_2_o_cy<8> (Mcompar_count[31]_compare[31]_equal_2_o_cy<8>)
     MUXCY:CI->O           1   0.014   0.000  Mcompar_count[31]_compare[31]_equal_2_o_cy<9> (Mcompar_count[31]_compare[31]_equal_2_o_cy<9>)
     MUXCY:CI->O           1   0.014   0.000  Mcompar_count[31]_compare[31]_equal_2_o_cy<10> (count[31]_compare[31]_equal_2_o)
     MUXCY:CI->O           1   0.014   0.000  int__glue_set_cy (count[31]_compare[31]_equal_2_o_l1)
     MUXCY:CI->O           1   0.166   0.000  int__glue_set_cy1 (int__glue_set)
     FDR:D                    -0.000          int_
    ----------------------------------------
    Total                      1.208ns (0.595ns logic, 0.613ns route)
                                       (49.2% logic, 50.8% route)

=========================================================================
Timing constraint: Default OFFSET OUT AFTER for Clock 'clk'
  Total number of paths / destination ports: 33 / 33
-------------------------------------------------------------------------
Offset:              0.580ns (Levels of Logic = 1)
  Source:            int_ (FF)
  Destination:       timer_int (PAD)
  Source Clock:      clk rising

  Data Path: int_ to timer_int
                                Gate     Net
    Cell:in->out      fanout   Delay   Delay  Logical Name (Net Name)
    ----------------------------------------  ------------
     FDR:C->Q              2   0.236   0.344  int_ (int_)
     OBUF:I->O                 0.000          timer_int_OBUF (timer_int)
    ----------------------------------------
    Total                      0.580ns (0.236ns logic, 0.344ns route)
                                       (40.7% logic, 59.3% route)

=========================================================================

Cross Clock Domains Report:
--------------------------

Clock to Setup on destination clock clk
---------------+---------+---------+---------+---------+
               | Src:Rise| Src:Fall| Src:Rise| Src:Fall|
Source Clock   |Dest:Rise|Dest:Rise|Dest:Fall|Dest:Fall|
---------------+---------+---------+---------+---------+
clk            |    1.326|         |         |         |
---------------+---------+---------+---------+---------+

=========================================================================


Total REAL time to Xst completion: 17.00 secs
Total CPU time to Xst completion: 16.49 secs
 
--> 

Total memory usage is 448632 kilobytes

Number of errors   :    0 (   0 filtered)
Number of warnings :    0 (   0 filtered)
Number of infos    :    0 (   0 filtered)

