Release 14.7 - xst P.20131013 (nt64)
Copyright (c) 1995-2013 Xilinx, Inc.  All rights reserved.
--> Parameter TMPDIR set to xst/projnav.tmp


Total REAL time to Xst completion: 0.00 secs
Total CPU time to Xst completion: 0.09 secs
 
--> Parameter xsthdpdir set to xst


Total REAL time to Xst completion: 0.00 secs
Total CPU time to Xst completion: 0.09 secs
 
--> Reading design: control.prj

TABLE OF CONTENTS
  1) Synthesis Options Summary
  2) HDL Parsing
  3) HDL Elaboration
  4) HDL Synthesis
       4.1) HDL Synthesis Report
  5) Advanced HDL Synthesis
       5.1) Advanced HDL Synthesis Report
  6) Low Level Synthesis
  7) Partition Report
  8) Design Summary
       8.1) Primitive and Black Box Usage
       8.2) Device utilization summary
       8.3) Partition Resource Summary
       8.4) Timing Report
            8.4.1) Clock Information
            8.4.2) Asynchronous Control Signals Information
            8.4.3) Timing Summary
            8.4.4) Timing Details
            8.4.5) Cross Clock Domains Report


=========================================================================
*                      Synthesis Options Summary                        *
=========================================================================
---- Source Parameters
Input File Name                    : "control.prj"
Ignore Synthesis Constraint File   : NO

---- Target Parameters
Output File Name                   : "control"
Output Format                      : NGC
Target Device                      : xc7k325t-2L-ffg676

---- Source Options
Top Module Name                    : control
Automatic FSM Extraction           : YES
FSM Encoding Algorithm             : Auto
Safe Implementation                : No
FSM Style                          : LUT
RAM Extraction                     : Yes
RAM Style                          : Auto
ROM Extraction                     : Yes
Shift Register Extraction          : YES
ROM Style                          : Auto
Resource Sharing                   : YES
Asynchronous To Synchronous        : NO
Shift Register Minimum Size        : 2
Use DSP Block                      : Auto
Automatic Register Balancing       : No

---- Target Options
LUT Combining                      : Auto
Reduce Control Sets                : Auto
Add IO Buffers                     : YES
Global Maximum Fanout              : 100000
Add Generic Clock Buffer(BUFG)     : 32
Register Duplication               : YES
Optimize Instantiated Primitives   : NO
Use Clock Enable                   : Auto
Use Synchronous Set                : Auto
Use Synchronous Reset              : Auto
Pack IO Registers into IOBs        : Auto
Equivalent register Removal        : YES

---- General Options
Optimization Goal                  : Speed
Optimization Effort                : 1
Power Reduction                    : NO
Keep Hierarchy                     : No
Netlist Hierarchy                  : As_Optimized
RTL Output                         : Yes
Global Optimization                : AllClockNets
Read Cores                         : YES
Write Timing Constraints           : NO
Cross Clock Analysis               : NO
Hierarchy Separator                : /
Bus Delimiter                      : <>
Case Specifier                     : Maintain
Slice Utilization Ratio            : 100
BRAM Utilization Ratio             : 100
DSP48 Utilization Ratio            : 100
Auto BRAM Packing                  : NO
Slice Utilization Ratio Delta      : 5

---- Other Options
Cores Search Directories           : {"ipcore_dir"  }

=========================================================================


=========================================================================
*                          HDL Parsing                                  *
=========================================================================
Analyzing Verilog file "F:\MyProgramme\0arch\PCPU\control.v" into library work
Parsing module <control>.

=========================================================================
*                            HDL Elaboration                            *
=========================================================================

Elaborating module <control>.
WARNING:HDLCompiler:1127 - "F:\MyProgramme\0arch\PCPU\control.v" Line 82: Assignment to shift ignored, since the identifier is never used
WARNING:HDLCompiler:634 - "F:\MyProgramme\0arch\PCPU\control.v" Line 162: Net <en_10> does not have a driver.

=========================================================================
*                           HDL Synthesis                               *
=========================================================================

Synthesizing Unit <control>.
    Related source file is "F:\MyProgramme\0arch\PCPU\control.v".
WARNING:Xst:2999 - Signal 'LUT_fun', unconnected in block 'control', is tied to its initial value.
WARNING:Xst:2999 - Signal 'LUT_op', unconnected in block 'control', is tied to its initial value.
WARNING:Xst:2999 - Signal 'LUT_1c', unconnected in block 'control', is tied to its initial value.
WARNING:Xst:653 - Signal <en_10> is used but never assigned. This sourceless signal will be automatically connected to value GND.
    Found 64x29-bit single-port Read Only RAM <Mram_LUT_fun> for signal <LUT_fun>.
    Found 64x29-bit single-port Read Only RAM <Mram_LUT_op> for signal <LUT_op>.
    Found 64x29-bit single-port Read Only RAM <Mram_LUT_1c> for signal <LUT_1c>.
    Found 1-bit tristate buffer for signal <id_beq> created at line 168
    Found 1-bit tristate buffer for signal <id_bne> created at line 168
    Found 1-bit tristate buffer for signal <id_j> created at line 168
    Found 1-bit tristate buffer for signal <id_jr> created at line 168
    Found 1-bit tristate buffer for signal <bus<24>> created at line 168
    Found 1-bit tristate buffer for signal <bus<23>> created at line 168
    Found 1-bit tristate buffer for signal <bus<22>> created at line 168
    Found 1-bit tristate buffer for signal <bus<21>> created at line 168
    Found 1-bit tristate buffer for signal <id_exe_sign> created at line 168
    Found 1-bit tristate buffer for signal <id_exe_imm> created at line 168
    Found 1-bit tristate buffer for signal <bus<18>> created at line 168
    Found 1-bit tristate buffer for signal <bus<17>> created at line 168
    Found 1-bit tristate buffer for signal <bus<16>> created at line 168
    Found 1-bit tristate buffer for signal <bus<15>> created at line 168
    Found 1-bit tristate buffer for signal <id_exe_res_sign> created at line 168
    Found 1-bit tristate buffer for signal <id_exe_lui> created at line 168
    Found 1-bit tristate buffer for signal <id_exe_jal> created at line 168
    Found 1-bit tristate buffer for signal <id_mem_we> created at line 168
    Found 1-bit tristate buffer for signal <id_mem_rd> created at line 168
    Found 1-bit tristate buffer for signal <id_mem_CP0_we> created at line 168
    Found 1-bit tristate buffer for signal <bus<8>> created at line 168
    Found 1-bit tristate buffer for signal <bus<7>> created at line 168
    Found 1-bit tristate buffer for signal <bus<6>> created at line 168
    Found 1-bit tristate buffer for signal <id_wb_we> created at line 168
    Found 1-bit tristate buffer for signal <bus<4>> created at line 168
    Found 1-bit tristate buffer for signal <bus<3>> created at line 168
    Found 1-bit tristate buffer for signal <id_syscall> created at line 168
    Found 1-bit tristate buffer for signal <id_unknown> created at line 168
    Found 1-bit tristate buffer for signal <id_eret> created at line 168
    Found 1-bit tristate buffer for signal <id_beq> created at line 170
    Found 1-bit tristate buffer for signal <id_bne> created at line 170
    Found 1-bit tristate buffer for signal <id_j> created at line 170
    Found 1-bit tristate buffer for signal <id_jr> created at line 170
    Found 1-bit tristate buffer for signal <bus<24>> created at line 170
    Found 1-bit tristate buffer for signal <bus<23>> created at line 170
    Found 1-bit tristate buffer for signal <bus<22>> created at line 170
    Found 1-bit tristate buffer for signal <bus<21>> created at line 170
    Found 1-bit tristate buffer for signal <id_exe_sign> created at line 170
    Found 1-bit tristate buffer for signal <id_exe_imm> created at line 170
    Found 1-bit tristate buffer for signal <bus<18>> created at line 170
    Found 1-bit tristate buffer for signal <bus<17>> created at line 170
    Found 1-bit tristate buffer for signal <bus<16>> created at line 170
    Found 1-bit tristate buffer for signal <bus<15>> created at line 170
    Found 1-bit tristate buffer for signal <id_exe_res_sign> created at line 170
    Found 1-bit tristate buffer for signal <id_exe_lui> created at line 170
    Found 1-bit tristate buffer for signal <id_exe_jal> created at line 170
    Found 1-bit tristate buffer for signal <id_mem_we> created at line 170
    Found 1-bit tristate buffer for signal <id_mem_rd> created at line 170
    Found 1-bit tristate buffer for signal <id_mem_CP0_we> created at line 170
    Found 1-bit tristate buffer for signal <bus<8>> created at line 170
    Found 1-bit tristate buffer for signal <bus<7>> created at line 170
    Found 1-bit tristate buffer for signal <bus<6>> created at line 170
    Found 1-bit tristate buffer for signal <id_wb_we> created at line 170
    Found 1-bit tristate buffer for signal <bus<4>> created at line 170
    Found 1-bit tristate buffer for signal <bus<3>> created at line 170
    Found 1-bit tristate buffer for signal <id_syscall> created at line 170
    Found 1-bit tristate buffer for signal <id_unknown> created at line 170
    Found 1-bit tristate buffer for signal <id_eret> created at line 170
    Found 1-bit tristate buffer for signal <id_beq> created at line 171
    Found 1-bit tristate buffer for signal <id_bne> created at line 171
    Found 1-bit tristate buffer for signal <id_j> created at line 171
    Found 1-bit tristate buffer for signal <id_jr> created at line 171
    Found 1-bit tristate buffer for signal <bus<24>> created at line 171
    Found 1-bit tristate buffer for signal <bus<23>> created at line 171
    Found 1-bit tristate buffer for signal <bus<22>> created at line 171
    Found 1-bit tristate buffer for signal <bus<21>> created at line 171
    Found 1-bit tristate buffer for signal <id_exe_sign> created at line 171
    Found 1-bit tristate buffer for signal <id_exe_imm> created at line 171
    Found 1-bit tristate buffer for signal <bus<18>> created at line 171
    Found 1-bit tristate buffer for signal <bus<17>> created at line 171
    Found 1-bit tristate buffer for signal <bus<16>> created at line 171
    Found 1-bit tristate buffer for signal <bus<15>> created at line 171
    Found 1-bit tristate buffer for signal <id_exe_res_sign> created at line 171
    Found 1-bit tristate buffer for signal <id_exe_lui> created at line 171
    Found 1-bit tristate buffer for signal <id_exe_jal> created at line 171
    Found 1-bit tristate buffer for signal <id_mem_we> created at line 171
    Found 1-bit tristate buffer for signal <id_mem_rd> created at line 171
    Found 1-bit tristate buffer for signal <id_mem_CP0_we> created at line 171
    Found 1-bit tristate buffer for signal <bus<8>> created at line 171
    Found 1-bit tristate buffer for signal <bus<7>> created at line 171
    Found 1-bit tristate buffer for signal <bus<6>> created at line 171
    Found 1-bit tristate buffer for signal <id_wb_we> created at line 171
    Found 1-bit tristate buffer for signal <bus<4>> created at line 171
    Found 1-bit tristate buffer for signal <bus<3>> created at line 171
    Found 1-bit tristate buffer for signal <id_syscall> created at line 171
    Found 1-bit tristate buffer for signal <id_unknown> created at line 171
    Found 1-bit tristate buffer for signal <id_eret> created at line 171
    Summary:
	inferred   3 RAM(s).
	inferred  87 Tristate(s).
Unit <control> synthesized.

=========================================================================
HDL Synthesis Report

Macro Statistics
# RAMs                                                 : 3
 64x29-bit single-port Read Only RAM                   : 3
# Tristates                                            : 87
 1-bit tristate buffer                                 : 87

=========================================================================

=========================================================================
*                       Advanced HDL Synthesis                          *
=========================================================================


Synthesizing (advanced) Unit <control>.
INFO:Xst:3218 - HDL ADVISOR - The RAM <Mram_LUT_op> will be implemented on LUTs either because you have described an asynchronous read or because of currently unsupported block RAM features. If you have described an asynchronous read, making it synchronous would allow you to take advantage of available block RAM resources, for optimized device usage and improved timings. Please refer to your documentation for coding guidelines.
    -----------------------------------------------------------------------
    | ram_type           | Distributed                         |          |
    -----------------------------------------------------------------------
    | Port A                                                              |
    |     aspect ratio   | 64-word x 29-bit                    |          |
    |     weA            | connected to signal <GND>           | high     |
    |     addrA          | connected to signal <inst>          |          |
    |     diA            | connected to signal <GND>           |          |
    |     doA            | connected to internal node          |          |
    -----------------------------------------------------------------------
INFO:Xst:3218 - HDL ADVISOR - The RAM <Mram_LUT_fun> will be implemented on LUTs either because you have described an asynchronous read or because of currently unsupported block RAM features. If you have described an asynchronous read, making it synchronous would allow you to take advantage of available block RAM resources, for optimized device usage and improved timings. Please refer to your documentation for coding guidelines.
    -----------------------------------------------------------------------
    | ram_type           | Distributed                         |          |
    -----------------------------------------------------------------------
    | Port A                                                              |
    |     aspect ratio   | 64-word x 29-bit                    |          |
    |     weA            | connected to signal <GND>           | high     |
    |     addrA          | connected to signal <inst>          |          |
    |     diA            | connected to signal <GND>           |          |
    |     doA            | connected to internal node          |          |
    -----------------------------------------------------------------------
INFO:Xst:3218 - HDL ADVISOR - The RAM <Mram_LUT_1c> will be implemented on LUTs either because you have described an asynchronous read or because of currently unsupported block RAM features. If you have described an asynchronous read, making it synchronous would allow you to take advantage of available block RAM resources, for optimized device usage and improved timings. Please refer to your documentation for coding guidelines.
    -----------------------------------------------------------------------
    | ram_type           | Distributed                         |          |
    -----------------------------------------------------------------------
    | Port A                                                              |
    |     aspect ratio   | 64-word x 29-bit                    |          |
    |     weA            | connected to signal <GND>           | high     |
    |     addrA          | connected to signal <inst>          |          |
    |     diA            | connected to signal <GND>           |          |
    |     doA            | connected to internal node          |          |
    -----------------------------------------------------------------------
Unit <control> synthesized (advanced).

=========================================================================
Advanced HDL Synthesis Report

Macro Statistics
# RAMs                                                 : 3
 64x29-bit single-port distributed Read Only RAM       : 3

=========================================================================

=========================================================================
*                         Low Level Synthesis                           *
=========================================================================
WARNING:Xst:2040 - Unit control: 29 multi-source signals are replaced by logic (pull-up yes): id_beq_MLTSRCEDGE, id_bne_MLTSRCEDGE, id_eret_MLTSRCEDGE, id_exe_aluop<0>_MLTSRCEDGE, id_exe_aluop<1>_MLTSRCEDGE, id_exe_aluop<2>_MLTSRCEDGE, id_exe_aluop<3>_MLTSRCEDGE, id_exe_imm_MLTSRCEDGE, id_exe_jal_MLTSRCEDGE, id_exe_lui_MLTSRCEDGE, id_exe_res_sign_MLTSRCEDGE, id_exe_sign_MLTSRCEDGE, id_j_MLTSRCEDGE, id_jr_MLTSRCEDGE, id_mem_CP0_we_MLTSRCEDGE, id_mem_mem_reg<0>_MLTSRCEDGE, id_mem_mem_reg<1>_MLTSRCEDGE, id_mem_mem_reg<2>_MLTSRCEDGE, id_mem_rd_MLTSRCEDGE, id_mem_we_MLTSRCEDGE, id_rega_addr<0>_MLTSRCEDGE, id_rega_addr<1>_MLTSRCEDGE, id_regb_addr<0>_MLTSRCEDGE, id_regb_addr<1>_MLTSRCEDGE, id_syscall_MLTSRCEDGE, id_unknown_MLTSRCEDGE, id_wb_dreg<0>_MLTSRCEDGE, id_wb_dreg<1>_MLTSRCEDGE, id_wb_we_MLTSRCEDGE.

Optimizing unit <control> ...

Mapping all equations...
Building and optimizing final netlist ...
Found area constraint ratio of 100 (+ 5) on block control, actual ratio is 0.

Final Macro Processing ...

=========================================================================
Final Register Report

Found no macro
=========================================================================

=========================================================================
*                           Partition Report                            *
=========================================================================

Partition Implementation Status
-------------------------------

  No Partitions were found in this design.

-------------------------------

=========================================================================
*                            Design Summary                             *
=========================================================================

Top Level Output File Name         : control.ngc

Primitive and Black Box Usage:
------------------------------
# BELS                             : 66
#      GND                         : 1
#      LUT3                        : 1
#      LUT5                        : 25
#      LUT6                        : 39
# IO Buffers                       : 41
#      IBUF                        : 12
#      OBUF                        : 29

Device utilization summary:
---------------------------

Selected Device : 7k325tffg676-2l 


Slice Logic Utilization: 
 Number of Slice LUTs:                   65  out of  203800     0%  
    Number used as Logic:                65  out of  203800     0%  

Slice Logic Distribution: 
 Number of LUT Flip Flop pairs used:     65
   Number with an unused Flip Flop:      65  out of     65   100%  
   Number with an unused LUT:             0  out of     65     0%  
   Number of fully used LUT-FF pairs:     0  out of     65     0%  
   Number of unique control sets:         0

IO Utilization: 
 Number of IOs:                          61
 Number of bonded IOBs:                  41  out of    400    10%  

Specific Feature Utilization:

---------------------------
Partition Resource Summary:
---------------------------

  No Partitions were found in this design.

---------------------------


=========================================================================
Timing Report

NOTE: THESE TIMING NUMBERS ARE ONLY A SYNTHESIS ESTIMATE.
      FOR ACCURATE TIMING INFORMATION PLEASE REFER TO THE TRACE REPORT
      GENERATED AFTER PLACE-and-ROUTE.

Clock Information:
------------------
No clock signals found in this design

Asynchronous Control Signals Information:
----------------------------------------
No asynchronous control signals found in this design

Timing Summary:
---------------
Speed Grade: -2

   Minimum period: No path found
   Minimum input arrival time before clock: No path found
   Maximum output required time after clock: No path found
   Maximum combinational path delay: 1.801ns

Timing Details:
---------------
All values displayed in nanoseconds (ns)

=========================================================================
Timing constraint: Default path analysis
  Total number of paths / destination ports: 472 / 27
-------------------------------------------------------------------------
Delay:               1.801ns (Levels of Logic = 4)
  Source:            inst<28> (PAD)
  Destination:       id_rega_addr<0> (PAD)

  Data Path: inst<28> to id_rega_addr<0>
                                Gate     Net
    Cell:in->out      fanout   Delay   Delay  Logical Name (Net Name)
    ----------------------------------------  ------------
     IBUF:I->O            40   0.000   0.744  inst_28_IBUF (inst_28_IBUF)
     LUT6:I0->O            6   0.043   0.631  en_00<5>1 (en_00)
     LUT5:I0->O            1   0.043   0.339  id_rega_addr<0>_MLTSRCEDGELogicTrst1 (id_rega_addr_0_OBUF)
     OBUF:I->O                 0.000          id_rega_addr_0_OBUF (id_rega_addr<0>)
    ----------------------------------------
    Total                      1.801ns (0.086ns logic, 1.715ns route)
                                       (4.8% logic, 95.2% route)

=========================================================================

Cross Clock Domains Report:
--------------------------

=========================================================================


Total REAL time to Xst completion: 11.00 secs
Total CPU time to Xst completion: 11.62 secs
 
--> 

Total memory usage is 448632 kilobytes

Number of errors   :    0 (   0 filtered)
Number of warnings :    7 (   0 filtered)
Number of infos    :    3 (   0 filtered)

