Release 14.7 - xst P.20131013 (nt64)
Copyright (c) 1995-2013 Xilinx, Inc.  All rights reserved.
--> Parameter TMPDIR set to xst/projnav.tmp


Total REAL time to Xst completion: 0.00 secs
Total CPU time to Xst completion: 0.09 secs
 
--> Parameter xsthdpdir set to xst


Total REAL time to Xst completion: 0.00 secs
Total CPU time to Xst completion: 0.09 secs
 
--> Reading design: D_cache.prj

TABLE OF CONTENTS
  1) Synthesis Options Summary
  2) HDL Parsing
  3) HDL Elaboration
  4) HDL Synthesis
       4.1) HDL Synthesis Report
  5) Advanced HDL Synthesis
       5.1) Advanced HDL Synthesis Report
  6) Low Level Synthesis
  7) Partition Report
  8) Design Summary
       8.1) Primitive and Black Box Usage
       8.2) Device utilization summary
       8.3) Partition Resource Summary
       8.4) Timing Report
            8.4.1) Clock Information
            8.4.2) Asynchronous Control Signals Information
            8.4.3) Timing Summary
            8.4.4) Timing Details
            8.4.5) Cross Clock Domains Report


=========================================================================
*                      Synthesis Options Summary                        *
=========================================================================
---- Source Parameters
Input File Name                    : "D_cache.prj"
Ignore Synthesis Constraint File   : NO

---- Target Parameters
Output File Name                   : "D_cache"
Output Format                      : NGC
Target Device                      : xc7k325t-2L-ffg676

---- Source Options
Top Module Name                    : D_cache
Automatic FSM Extraction           : YES
FSM Encoding Algorithm             : Auto
Safe Implementation                : No
FSM Style                          : LUT
RAM Extraction                     : Yes
RAM Style                          : Auto
ROM Extraction                     : Yes
Shift Register Extraction          : YES
ROM Style                          : Auto
Resource Sharing                   : YES
Asynchronous To Synchronous        : NO
Shift Register Minimum Size        : 2
Use DSP Block                      : Auto
Automatic Register Balancing       : No

---- Target Options
LUT Combining                      : Auto
Reduce Control Sets                : Auto
Add IO Buffers                     : YES
Global Maximum Fanout              : 100000
Add Generic Clock Buffer(BUFG)     : 32
Register Duplication               : YES
Optimize Instantiated Primitives   : NO
Use Clock Enable                   : Auto
Use Synchronous Set                : Auto
Use Synchronous Reset              : Auto
Pack IO Registers into IOBs        : Auto
Equivalent register Removal        : YES

---- General Options
Optimization Goal                  : Speed
Optimization Effort                : 1
Power Reduction                    : NO
Keep Hierarchy                     : No
Netlist Hierarchy                  : As_Optimized
RTL Output                         : Yes
Global Optimization                : AllClockNets
Read Cores                         : YES
Write Timing Constraints           : NO
Cross Clock Analysis               : NO
Hierarchy Separator                : /
Bus Delimiter                      : <>
Case Specifier                     : Maintain
Slice Utilization Ratio            : 100
BRAM Utilization Ratio             : 100
DSP48 Utilization Ratio            : 100
Auto BRAM Packing                  : NO
Slice Utilization Ratio Delta      : 5

---- Other Options
Cores Search Directories           : {"ipcore_dir"  }

=========================================================================


=========================================================================
*                          HDL Parsing                                  *
=========================================================================
Analyzing Verilog file "F:\MyProgramme\0arch\PCPU\write_data_mask_32.v" into library work
Parsing module <write_data_mask_32>.
Analyzing Verilog file "F:\MyProgramme\0arch\PCPU\write_data_mask.v" into library work
Parsing module <write_data_mask>.
Analyzing Verilog file "F:\MyProgramme\0arch\PCPU\LUT_countdown.v" into library work
Parsing module <LUT_countdown>.
Analyzing Verilog file "F:\MyProgramme\0arch\PCPU\D_cache_crl.v" into library work
Parsing module <D_cache_crl>.
Analyzing Verilog file "F:\MyProgramme\0arch\PCPU\cache_mem.v" into library work
Parsing module <cache_mem>.
Analyzing Verilog file "F:\MyProgramme\0arch\PCPU\D_cache.v" into library work
Parsing module <D_cache>.

=========================================================================
*                            HDL Elaboration                            *
=========================================================================

Elaborating module <D_cache>.

Elaborating module <cache_mem(DATA_WIDTH=1)>.

Elaborating module <cache_mem(DATA_WIDTH=20)>.

Elaborating module <cache_mem(DATA_WIDTH=128)>.

Elaborating module <cache_mem(DATA_WIDTH=2)>.

Elaborating module <write_data_mask>.

Elaborating module <write_data_mask_32>.

Elaborating module <LUT_countdown>.

Elaborating module <D_cache_crl>.

=========================================================================
*                           HDL Synthesis                               *
=========================================================================

Synthesizing Unit <D_cache>.
    Related source file is "F:\MyProgramme\0arch\PCPU\D_cache.v".
WARNING:Xst:647 - Input <Tag_Hi> is never used. This port will be preserved and left unconnected if it belongs to a top-level block or it belongs to a sub-block and the hierarchy of this sub-block is preserved.
    Found 4-bit register for signal <wmask_>.
    Found 32-bit register for signal <wdata_>.
    Found 32-bit register for signal <addr_>.
    Found 32-bit register for signal <Tag_Lo_>.
    Found 9-bit register for signal <op_>.
    Found 32-bit 4-to-1 multiplexer for signal <data_w0> created at line 196.
    Found 32-bit 4-to-1 multiplexer for signal <data_w1> created at line 196.
    Found 32-bit 4-to-1 multiplexer for signal <mem_word> created at line 196.
    Found 20-bit comparator equal for signal <tag0_data[19]_tag_[19]_equal_21_o> created at line 250
    Found 20-bit comparator equal for signal <tag1_data[19]_tag_[19]_equal_22_o> created at line 252
    Found 2-bit comparator greater for signal <count1_data[1]_count0_data[1]_LessThan_23_o> created at line 259
    Summary:
	inferred 109 D-type flip-flop(s).
	inferred   3 Comparator(s).
	inferred  34 Multiplexer(s).
Unit <D_cache> synthesized.

Synthesizing Unit <cache_mem_1>.
    Related source file is "F:\MyProgramme\0arch\PCPU\cache_mem.v".
        DATA_WIDTH = 1
        ADDR_WIDTH = 8
    Found 256x1-bit dual-port RAM <Mram_data> for signal <data>.
    Found 1-bit register for signal <r_data>.
    Found 8-bit comparator equal for signal <w_addr[7]_r_addr[7]_equal_3_o> created at line 38
    Summary:
	inferred   1 RAM(s).
	inferred   1 D-type flip-flop(s).
	inferred   1 Comparator(s).
	inferred   1 Multiplexer(s).
Unit <cache_mem_1> synthesized.

Synthesizing Unit <cache_mem_2>.
    Related source file is "F:\MyProgramme\0arch\PCPU\cache_mem.v".
        DATA_WIDTH = 20
        ADDR_WIDTH = 8
    Found 256x20-bit dual-port RAM <Mram_data> for signal <data>.
    Found 20-bit register for signal <r_data>.
    Found 8-bit comparator equal for signal <w_addr[7]_r_addr[7]_equal_3_o> created at line 38
    Summary:
	inferred   1 RAM(s).
	inferred  20 D-type flip-flop(s).
	inferred   1 Comparator(s).
	inferred   1 Multiplexer(s).
Unit <cache_mem_2> synthesized.

Synthesizing Unit <cache_mem_3>.
    Related source file is "F:\MyProgramme\0arch\PCPU\cache_mem.v".
        DATA_WIDTH = 128
        ADDR_WIDTH = 8
    Found 256x128-bit dual-port RAM <Mram_data> for signal <data>.
    Found 128-bit register for signal <r_data>.
    Found 8-bit comparator equal for signal <w_addr[7]_r_addr[7]_equal_3_o> created at line 38
    Summary:
	inferred   1 RAM(s).
	inferred 128 D-type flip-flop(s).
	inferred   1 Comparator(s).
	inferred   1 Multiplexer(s).
Unit <cache_mem_3> synthesized.

Synthesizing Unit <cache_mem_4>.
    Related source file is "F:\MyProgramme\0arch\PCPU\cache_mem.v".
        DATA_WIDTH = 2
        ADDR_WIDTH = 8
    Found 256x2-bit dual-port RAM <Mram_data> for signal <data>.
    Found 2-bit register for signal <r_data>.
    Found 8-bit comparator equal for signal <w_addr[7]_r_addr[7]_equal_3_o> created at line 38
    Summary:
	inferred   1 RAM(s).
	inferred   2 D-type flip-flop(s).
	inferred   1 Comparator(s).
	inferred   1 Multiplexer(s).
Unit <cache_mem_4> synthesized.

Synthesizing Unit <write_data_mask>.
    Related source file is "F:\MyProgramme\0arch\PCPU\write_data_mask.v".
    Found 128-bit 4-to-1 multiplexer for signal <new_data> created at line 56.
    Summary:
	inferred   1 Multiplexer(s).
Unit <write_data_mask> synthesized.

Synthesizing Unit <write_data_mask_32>.
    Related source file is "F:\MyProgramme\0arch\PCPU\write_data_mask_32.v".
    Found 16-bit 4-to-1 multiplexer for signal <data_16_h> created at line 34.
    Found 16-bit 4-to-1 multiplexer for signal <data_16_l> created at line 40.
    Summary:
	inferred   3 Multiplexer(s).
Unit <write_data_mask_32> synthesized.

Synthesizing Unit <LUT_countdown>.
    Related source file is "F:\MyProgramme\0arch\PCPU\LUT_countdown.v".
    