Release 14.7 - xst P.20131013 (nt64)
Copyright (c) 1995-2013 Xilinx, Inc.  All rights reserved.
--> Parameter TMPDIR set to xst/projnav.tmp


Total REAL time to Xst completion: 0.00 secs
Total CPU time to Xst completion: 0.10 secs
 
--> Parameter xsthdpdir set to xst


Total REAL time to Xst completion: 0.00 secs
Total CPU time to Xst completion: 0.10 secs
 
--> Reading design: EXE_MEM_REG.prj

TABLE OF CONTENTS
  1) Synthesis Options Summary
  2) HDL Parsing
  3) HDL Elaboration
  4) HDL Synthesis
       4.1) HDL Synthesis Report
  5) Advanced HDL Synthesis
       5.1) Advanced HDL Synthesis Report
  6) Low Level Synthesis
  7) Partition Report
  8) Design Summary
       8.1) Primitive and Black Box Usage
       8.2) Device utilization summary
       8.3) Partition Resource Summary
       8.4) Timing Report
            8.4.1) Clock Information
            8.4.2) Asynchronous Control Signals Information
            8.4.3) Timing Summary
            8.4.4) Timing Details
            8.4.5) Cross Clock Domains Report


=========================================================================
*                      Synthesis Options Summary                        *
=========================================================================
---- Source Parameters
Input File Name                    : "EXE_MEM_REG.prj"
Ignore Synthesis Constraint File   : NO

---- Target Parameters
Output File Name                   : "EXE_MEM_REG"
Output Format                      : NGC
Target Device                      : xc7k325t-2L-ffg676

---- Source Options
Top Module Name                    : EXE_MEM_REG
Automatic FSM Extraction           : YES
FSM Encoding Algorithm             : Auto
Safe Implementation                : No
FSM Style                          : LUT
RAM Extraction                     : Yes
RAM Style                          : Auto
ROM Extraction                     : Yes
Shift Register Extraction          : YES
ROM Style                          : Auto
Resource Sharing                   : YES
Asynchronous To Synchronous        : NO
Shift Register Minimum Size        : 2
Use DSP Block                      : Auto
Automatic Register Balancing       : No

---- Target Options
LUT Combining                      : Auto
Reduce Control Sets                : Auto
Add IO Buffers                     : YES
Global Maximum Fanout              : 100000
Add Generic Clock Buffer(BUFG)     : 32
Register Duplication               : YES
Optimize Instantiated Primitives   : NO
Use Clock Enable                   : Auto
Use Synchronous Set                : Auto
Use Synchronous Reset              : Auto
Pack IO Registers into IOBs        : Auto
Equivalent register Removal        : YES

---- General Options
Optimization Goal                  : Speed
Optimization Effort                : 1
Power Reduction                    : NO
Keep Hierarchy                     : No
Netlist Hierarchy                  : As_Optimized
RTL Output                         : Yes
Global Optimization                : AllClockNets
Read Cores                         : YES
Write Timing Constraints           : NO
Cross Clock Analysis               : NO
Hierarchy Separator                : /
Bus Delimiter                      : <>
Case Specifier                     : Maintain
Slice Utilization Ratio            : 100
BRAM Utilization Ratio             : 100
DSP48 Utilization Ratio            : 100
Auto BRAM Packing                  : NO
Slice Utilization Ratio Delta      : 5

---- Other Options
Cores Search Directories           : {"ipcore_dir"  }

=========================================================================


=========================================================================
*                          HDL Parsing                                  *
=========================================================================
Analyzing Verilog file "F:\MyProgramme\0arch\PCPU\EXE_MEM_REG.v" into library work
Parsing module <EXE_MEM_REG>.
Analyzing Verilog file "F:\MyProgramme\0arch\PCPU\MUL_ALU.vf" into library work
Parsing module <MUL_ALU>.

=========================================================================
*                            HDL Elaboration                            *
=========================================================================

Elaborating module <EXE_MEM_REG>.

=========================================================================
*                           HDL Synthesis                               *
=========================================================================

Synthesizing Unit <EXE_MEM_REG>.
    Related source file is "F:\MyProgramme\0arch\PCPU\EXE_MEM_REG.v".
    Found 35-bit register for signal <temp1>.
    Found 89-bit register for signal <temp>.
    Summary:
	inferred 124 D-type flip-flop(s).
	inferred   1 Multiplexer(s).
Unit <EXE_MEM_REG> synthesized.

=========================================================================
HDL Synthesis Report

Macro Statistics
# Registers                                            : 2
 35-bit register                                       : 1
 89-bit register                                       : 1
# Multiplexers                                         : 1
 89-bit 2-to-1 multiplexer                             : 1

=========================================================================

=========================================================================
*                       Advanced HDL Synthesis                          *
=========================================================================


=========================================================================
Advanced HDL Synthesis Report

Macro Statistics
# Registers                                            : 124
 Flip-Flops                                            : 124
# Multiplexers                                         : 1
 89-bit 2-to-1 multiplexer                             : 1

=========================================================================

=========================================================================
*                         Low Level Synthesis                           *
=========================================================================

Optimizing unit <EXE_MEM_REG> ...

Mapping all equations...
Building and optimizing final netlist ...
Found area constraint ratio of 100 (+ 5) on block EXE_MEM_REG, actual ratio is 0.

Final Macro Processing ...

=========================================================================
Final Register Report

Macro Statistics
# Registers                                            : 124
 Flip-Flops                                            : 124

=========================================================================

=========================================================================
*                           Partition Report                            *
=========================================================================

Partition Implementation Status
-------------------------------

  No Partitions were found in this design.

-------------------------------

=========================================================================
*                            Design Summary                             *
=========================================================================

Top Level Output File Name         : EXE_MEM_REG.ngc

Primitive and Black Box Usage:
------------------------------
# BELS                             : 90
#      LUT2                        : 90
# FlipFlops/Latches                : 124
#      FDCE                        : 124
# Clock Buffers                    : 1
#      BUFGP                       : 1
# IO Buffers                       : 251
#      IBUF                        : 127
#      OBUF                        : 124

Device utilization summary:
---------------------------

Selected Device : 7k325tffg676-2l 


Slice Logic Utilization: 
 Number of Slice LUTs:                   90  out of  203800     0%  
    Number used as Logic:                90  out of  203800     0%  

Slice Logic Distribution: 
 Number of LUT Flip Flop pairs used:     90
   Number with an unused Flip Flop:      90  out of     90   100%  
   Number with an unused LUT:             0  out of     90     0%  
   Number of fully used LUT-FF pairs:     0  out of     90     0%  
   Number of unique control sets:         2

IO Utilization: 
 Number of IOs:                         252
 Number of bonded IOBs:                 252  out of    400    63%  
    IOB Flip Flops/Latches:             124

Specific Feature Utilization:
 Number of BUFG/BUFGCTRLs:                1  out of     32     3%  

---------------------------
Partition Resource Summary:
---------------------------

  No Partitions were found in this design.

---------------------------


=========================================================================
Timing Report

NOTE: THESE TIMING NUMBERS ARE ONLY A SYNTHESIS ESTIMATE.
      FOR ACCURATE TIMING INFORMATION PLEASE REFER TO THE TRACE REPORT
      GENERATED AFTER PLACE-and-ROUTE.

Clock Information:
------------------
-----------------------------------+------------------------+-------+
Clock Signal                       | Clock buffer(FF name)  | Load  |
-----------------------------------+------------------------+-------+
clk                                | BUFGP                  | 124   |
-----------------------------------+------------------------+-------+

Asynchronous Control Signals Information:
----------------------------------------
No asynchronous control signals found in this design

Timing Summary:
---------------
Speed Grade: -2

   Minimum period: No path found
   Minimum input arrival time before clock: 1.229ns
   Maximum output required time after clock: 0.575ns
   Maximum combinational path delay: No path found

Timing Details:
---------------
All values displayed in nanoseconds (ns)

=========================================================================
Timing constraint: Default OFFSET IN BEFORE for Clock 'clk'
  Total number of paths / destination ports: 550 / 372
-------------------------------------------------------------------------
Offset:              1.229ns (Levels of Logic = 2)
  Source:            bubble (PAD)
  Destination:       temp_0 (FF)
  Destination Clock: clk rising

  Data Path: bubble to temp_0
                                Gate     Net
    Cell:in->out      fanout   Delay   Delay  Logical Name (Net Name)
    ----------------------------------------  ------------
     IBUF:I->O            90   0.000   0.546  bubble_IBUF (bubble_IBUF)
     LUT2:I0->O           89   0.043   0.479  _n0031_inv1 (_n0031_inv)
     FDCE:CE                   0.161          temp_0
    ----------------------------------------
    Total                      1.229ns (0.204ns logic, 1.025ns route)
                                       (16.6% logic, 83.4% route)

=========================================================================
Timing constraint: Default OFFSET OUT AFTER for Clock 'clk'
  Total number of paths / destination ports: 124 / 124
-------------------------------------------------------------------------
Offset:              0.575ns (Levels of Logic = 1)
  Source:            temp_88 (FF)
  Destination:       mem_addr<31> (PAD)
  Source Clock:      clk rising

  Data Path: temp_88 to mem_addr<31>
                                Gate     Net
    Cell:in->out      fanout   Delay   Delay  Logical Name (Net Name)
    ----------------------------------------  ------------
     FDCE:C->Q             1   0.236   0.339  temp_88 (temp_88)
     OBUF:I->O                 0.000          mem_addr_31_OBUF (mem_addr<31>)
    ----------------------------------------
    Total                      0.575ns (0.236ns logic, 0.339ns route)
                                       (41.0% logic, 59.0% route)

=========================================================================

Cross Clock Domains Report:
--------------------------

=========================================================================


Total REAL time to Xst completion: 13.00 secs
Total CPU time to Xst completion: 12.90 secs
 
--> 

Total memory usage is 447608 kilobytes

Number of errors   :    0 (   0 filtered)
Number of warnings :    0 (   0 filtered)
Number of infos    :    0 (   0 filtered)

