Release 14.7 - xst P.20131013 (nt64)
Copyright (c) 1995-2013 Xilinx, Inc.  All rights reserved.
--> Parameter TMPDIR set to xst/projnav.tmp


Total REAL time to Xst completion: 0.00 secs
Total CPU time to Xst completion: 0.10 secs
 
--> Parameter xsthdpdir set to xst


Total REAL time to Xst completion: 0.00 secs
Total CPU time to Xst completion: 0.11 secs
 
--> Reading design: I_cache_crl.prj

TABLE OF CONTENTS
  1) Synthesis Options Summary
  2) HDL Parsing
  3) HDL Elaboration
  4) HDL Synthesis
       4.1) HDL Synthesis Report
  5) Advanced HDL Synthesis
       5.1) Advanced HDL Synthesis Report
  6) Low Level Synthesis
  7) Partition Report
  8) Design Summary
       8.1) Primitive and Black Box Usage
       8.2) Device utilization summary
       8.3) Partition Resource Summary
       8.4) Timing Report
            8.4.1) Clock Information
            8.4.2) Asynchronous Control Signals Information
            8.4.3) Timing Summary
            8.4.4) Timing Details
            8.4.5) Cross Clock Domains Report


=========================================================================
*                      Synthesis Options Summary                        *
=========================================================================
---- Source Parameters
Input File Name                    : "I_cache_crl.prj"
Ignore Synthesis Constraint File   : NO

---- Target Parameters
Output File Name                   : "I_cache_crl"
Output Format                      : NGC
Target Device                      : xc7k325t-2L-ffg676

---- Source Options
Top Module Name                    : I_cache_crl
Automatic FSM Extraction           : YES
FSM Encoding Algorithm             : Auto
Safe Implementation                : No
FSM Style                          : LUT
RAM Extraction                     : Yes
RAM Style                          : Auto
ROM Extraction                     : Yes
Shift Register Extraction          : YES
ROM Style                          : Auto
Resource Sharing                   : YES
Asynchronous To Synchronous        : NO
Shift Register Minimum Size        : 2
Use DSP Block                      : Auto
Automatic Register Balancing       : No

---- Target Options
LUT Combining                      : Auto
Reduce Control Sets                : Auto
Add IO Buffers                     : YES
Global Maximum Fanout              : 100000
Add Generic Clock Buffer(BUFG)     : 32
Register Duplication               : YES
Optimize Instantiated Primitives   : NO
Use Clock Enable                   : Auto
Use Synchronous Set                : Auto
Use Synchronous Reset              : Auto
Pack IO Registers into IOBs        : Auto
Equivalent register Removal        : YES

---- General Options
Optimization Goal                  : Speed
Optimization Effort                : 1
Power Reduction                    : NO
Keep Hierarchy                     : No
Netlist Hierarchy                  : As_Optimized
RTL Output                         : Yes
Global Optimization                : AllClockNets
Read Cores                         : YES
Write Timing Constraints           : NO
Cross Clock Analysis               : NO
Hierarchy Separator                : /
Bus Delimiter                      : <>
Case Specifier                     : Maintain
Slice Utilization Ratio            : 100
BRAM Utilization Ratio             : 100
DSP48 Utilization Ratio            : 100
Auto BRAM Packing                  : NO
Slice Utilization Ratio Delta      : 5

---- Other Options
Cores Search Directories           : {"ipcore_dir"  }

=========================================================================


=========================================================================
*                          HDL Parsing                                  *
=========================================================================
Analyzing Verilog file "F:\MyProgramme\0arch\PCPU\I_cache_crl.v" into library work
Parsing module <I_cache_crl>.

=========================================================================
*                            HDL Elaboration                            *
=========================================================================

Elaborating module <I_cache_crl>.

=========================================================================
*                           HDL Synthesis                               *
=========================================================================

Synthesizing Unit <I_cache_crl>.
    Related source file is "F:\MyProgramme\0arch\PCPU\I_cache_crl.v".
        START = 2'b00
        FETCH = 2'b01
        STORE = 2'b10
WARNING:Xst:647 - Input <op<3:3>> is never used. This port will be preserved and left unconnected if it belongs to a top-level block or it belongs to a sub-block and the hierarchy of this sub-block is preserved.
WARNING:Xst:647 - Input <op<6:6>> is never used. This port will be preserved and left unconnected if it belongs to a top-level block or it belongs to a sub-block and the hierarchy of this sub-block is preserved.
    Found 2-bit register for signal <curstate>.
    Found finite state machine <FSM_0> for signal <curstate>.
    -----------------------------------------------------------------------
    | States             | 3                                              |
    | Transitions        | 9                                              |
    | Inputs             | 4                                              |
    | Outputs            | 3                                              |
    | Clock              | clk (rising_edge)                              |
    | Reset              | rst (positive)                                 |
    | Reset type         | synchronous                                    |
    | Reset State        | 00                                             |
    | Encoding           | auto                                           |
    | Implementation     | LUT                                            |
    -----------------------------------------------------------------------
    Found 1-bit 4-to-1 multiplexer for signal <curstate[1]_GND_1_o_Mux_10_o> created at line 91.
    Found 1-bit 4-to-1 multiplexer for signal <curstate[1]_GND_1_o_Mux_12_o> created at line 91.
    Found 1-bit 4-to-1 multiplexer for signal <curstate[1]_GND_1_o_Mux_14_o> created at line 91.
    Found 1-bit 4-to-1 multiplexer for signal <curstate[1]_GND_1_o_Mux_15_o> created at line 91.
    Found 1-bit 4-to-1 multiplexer for signal <curstate[1]_GND_1_o_Mux_17_o> created at line 91.
    Found 1-bit 4-to-1 multiplexer for signal <curstate[1]_GND_1_o_Mux_19_o> created at line 91.
    Found 1-bit 4-to-1 multiplexer for signal <curstate[1]_GND_1_o_Mux_21_o> created at line 91.
    Found 1-bit 4-to-1 multiplexer for signal <curstate[1]_GND_1_o_Mux_22_o> created at line 91.
    Summary:
	inferred  57 Multiplexer(s).
	inferred   1 Finite State Machine(s).
Unit <I_cache_crl> synthesized.

=========================================================================
HDL Synthesis Report

Macro Statistics
# Multiplexers                                         : 57
 1-bit 2-to-1 multiplexer                              : 49
 1-bit 4-to-1 multiplexer                              : 8
# FSMs                                                 : 1

=========================================================================

=========================================================================
*                       Advanced HDL Synthesis                          *
=========================================================================


=========================================================================
Advanced HDL Synthesis Report

Macro Statistics
# Multiplexers                                         : 57
 1-bit 2-to-1 multiplexer                              : 49
 1-bit 4-to-1 multiplexer                              : 8
# FSMs                                                 : 1

=========================================================================

=========================================================================
*                         Low Level Synthesis                           *
=========================================================================
Analyzing FSM <MFsm> for best encoding.
Optimizing FSM <FSM_0> on signal <curstate[1:2]> with user encoding.
-------------------
 State | Encoding
-------------------
 00    | 00
 01    | 01
 10    | 10
-------------------

Optimizing unit <I_cache_crl> ...

Mapping all equations...
Building and optimizing final netlist ...
Found area constraint ratio of 100 (+ 5) on block I_cache_crl, actual ratio is 0.

Final Macro Processing ...

=========================================================================
Final Register Report

Macro Statistics
# Registers                                            : 2
 Flip-Flops                                            : 2

=========================================================================

=========================================================================
*                           Partition Report                            *
=========================================================================

Partition Implementation Status
-------------------------------

  No Partitions were found in this design.

-------------------------------

=========================================================================
*                            Design Summary                             *
=========================================================================

Top Level Output File Name         : I_cache_crl.ngc

Primitive and Black Box Usage:
------------------------------
# BELS                             : 24
#      LUT2                        : 2
#      LUT3                        : 1
#      LUT4                        : 4
#      LUT5                        : 6
#      LUT6                        : 11
# FlipFlops/Latches                : 2
#      FDR                         : 2
# Clock Buffers                    : 1
#      BUFGP                       : 1
# IO Buffers                       : 29
#      IBUF                        : 12
#      OBUF                        : 17

Device utilization summary:
---------------------------

Selected Device : 7k325tffg676-2l 


Slice Logic Utilization: 
 Number of Slice Registers:               2  out of  407600     0%  
 Number of Slice LUTs:                   24  out of  203800     0%  
    Number used as Logic:                24  out of  203800     0%  

Slice Logic Distribution: 
 Number of LUT Flip Flop pairs used:     24
   Number with an unused Flip Flop:      22  out of     24    91%  
   Number with an unused LUT:             0  out of     24     0%  
   Number of fully used LUT-FF pairs:     2  out of     24     8%  
   Number of unique control sets:         1

IO Utilization: 
 Number of IOs:                          32
 Number of bonded IOBs:                  30  out of    400     7%  

Specific Feature Utilization:
 Number of BUFG/BUFGCTRLs:                1  out of     32     3%  

---------------------------
Partition Resource Summary:
---------------------------

  No Partitions were found in this design.

---------------------------


=========================================================================
Timing Report

NOTE: THESE TIMING NUMBERS ARE ONLY A SYNTHESIS ESTIMATE.
      FOR ACCURATE TIMING INFORMATION PLEASE REFER TO THE TRACE REPORT
      GENERATED AFTER PLACE-and-ROUTE.

Clock Information:
------------------
-----------------------------------+------------------------+-------+
Clock Signal                       | Clock buffer(FF name)  | Load  |
-----------------------------------+------------------------+-------+
clk                                | BUFGP                  | 2     |
-----------------------------------+------------------------+-------+

Asynchronous Control Signals Information:
----------------------------------------
No asynchronous control signals found in this design

Timing Summary:
---------------
Speed Grade: -2

   Minimum period: 0.745ns (Maximum Frequency: 1341.652MHz)
   Minimum input arrival time before clock: 1.165ns
   Maximum output required time after clock: 2.339ns
   Maximum combinational path delay: 2.123ns

Timing Details:
---------------
All values displayed in nanoseconds (ns)

=========================================================================
Timing constraint: Default period analysis for Clock 'clk'
  Clock period: 0.745ns (frequency: 1341.652MHz)
  Total number of paths / destination ports: 4 / 2
-------------------------------------------------------------------------
Delay:               0.745ns (Levels of Logic = 1)
  Source:            curstate_FSM_FFd2 (FF)
  Destination:       curstate_FSM_FFd1 (FF)
  Source Clock:      clk rising
  Destination Clock: clk rising

  Data Path: curstate_FSM_FFd2 to curstate_FSM_FFd1
                                Gate     Net
    Cell:in->out      fanout   Delay   Delay  Logical Name (Net Name)
    ----------------------------------------  ------------
     FDR:C->Q             12   0.236   0.466  curstate_FSM_FFd2 (curstate_FSM_FFd2)
     LUT6:I4->O            1   0.043   0.000  curstate_FSM_FFd1-In2 (curstate_FSM_FFd1-In)
     FDR:D                    -0.000          curstate_FSM_FFd1
    ----------------------------------------
    Total                      0.745ns (0.279ns logic, 0.466ns route)
                                       (37.4% logic, 62.6% route)

=========================================================================
Timing constraint: Default OFFSET IN BEFORE for Clock 'clk'
  Total number of paths / destination ports: 12 / 4
-------------------------------------------------------------------------
Offset:              1.165ns (Levels of Logic = 3)
  Source:            op<7> (PAD)
  Destination:       curstate_FSM_FFd1 (FF)
  Destination Clock: clk rising

  Data Path: op<7> to curstate_FSM_FFd1
                                Gate     Net
    Cell:in->out      fanout   Delay   Delay  Logical Name (Net Name)
    ----------------------------------------  ------------
     IBUF:I->O            11   0.000   0.461  op_7_IBUF (op_7_IBUF)
     LUT2:I0->O            2   0.043   0.618  curstate_FSM_FFd1-In11_SW0 (N6)
     LUT6:I0->O            1   0.043   0.000  curstate_FSM_FFd1-In2 (curstate_FSM_FFd1-In)
     FDR:D                    -0.000          curstate_FSM_FFd1
    ----------------------------------------
    Total                      1.165ns (0.086ns logic, 1.079ns route)
                                       (7.4% logic, 92.6% route)

=========================================================================
Timing constraint: Default OFFSET OUT AFTER for Clock 'clk'
  Total number of paths / destination ports: 49 / 17
-------------------------------------------------------------------------
Offset:              2.339ns (Levels of Logic = 4)
  Source:            curstate_FSM_FFd1 (FF)
  Destination:       tag0_w (PAD)
  Source Clock:      clk rising

  Data Path: curstate_FSM_FFd1 to tag0_w
                                Gate     Net
    Cell:in->out      fanout   Delay   Delay  Logical Name (Net Name)
    ----------------------------------------  ------------
     FDR:C->Q             13   0.236   0.671  curstate_FSM_FFd1 (curstate_FSM_FFd1)
     LUT6:I1->O            2   0.043   0.355  Mmux_tag0_w11111 (Mmux_tag0_w1111)
     LUT4:I3->O            2   0.043   0.608  Mmux_tag0_w111 (tag0_wdata_s_OBUF)
     LUT5:I0->O            1   0.043   0.339  Mmux_tag0_w12 (tag0_w_OBUF)
     OBUF:I->O                 0.000          tag0_w_OBUF (tag0_w)
    ----------------------------------------
    Total                      2.339ns (0.365ns logic, 1.974ns route)
                                       (15.6% logic, 84.4% route)

=========================================================================
Timing constraint: Default path analysis
  Total number of paths / destination ports: 104 / 17
-------------------------------------------------------------------------
Delay:               2.123ns (Levels of Logic = 5)
  Source:            rst (PAD)
  Destination:       tag0_w (PAD)

  Data Path: rst to tag0_w
                                Gate     Net
    Cell:in->out      fanout   Delay   Delay  Logical Name (Net Name)
    ----------------------------------------  ------------
     IBUF:I->O            15   0.000   0.691  rst_IBUF (rst_IBUF)
     LUT6:I0->O            2   0.043   0.355  Mmux_tag0_w11111 (Mmux_tag0_w1111)
     LUT4:I3->O            2   0.043   0.608  Mmux_tag0_w111 (tag0_wdata_s_OBUF)
     LUT5:I0->O            1   0.043   0.339  Mmux_tag0_w12 (tag0_w_OBUF)
     OBUF:I->O                 0.000          tag0_w_OBUF (tag0_w)
    ----------------------------------------
    Total                      2.123ns (0.129ns logic, 1.994ns route)
                                       (6.1% logic, 93.9% route)

=========================================================================

Cross Clock Domains Report:
--------------------------

Clock to Setup on destination clock clk
---------------+---------+---------+---------+---------+
               | Src:Rise| Src:Fall| Src:Rise| Src:Fall|
Source Clock   |Dest:Rise|Dest:Rise|Dest:Fall|Dest:Fall|
---------------+---------+---------+---------+---------+
clk            |    0.745|         |         |         |
---------------+---------+---------+---------+---------+

=========================================================================


Total REAL time to Xst completion: 12.00 secs
Total CPU time to Xst completion: 11.89 secs
 
--> 

Total memory usage is 440568 kilobytes

Number of errors   :    0 (   0 filtered)
Number of warnings :    2 (   0 filtered)
Number of infos    :    0 (   0 filtered)

