Release 14.7 - xst P.20131013 (nt64)
Copyright (c) 1995-2013 Xilinx, Inc.  All rights reserved.
--> Parameter TMPDIR set to xst/projnav.tmp


Total REAL time to Xst completion: 0.00 secs
Total CPU time to Xst completion: 0.10 secs
 
--> Parameter xsthdpdir set to xst


Total REAL time to Xst completion: 0.00 secs
Total CPU time to Xst completion: 0.10 secs
 
--> Reading design: L2_cache.prj

TABLE OF CONTENTS
  1) Synthesis Options Summary
  2) HDL Parsing
  3) HDL Elaboration
  4) HDL Synthesis
       4.1) HDL Synthesis Report
  5) Advanced HDL Synthesis
       5.1) Advanced HDL Synthesis Report
  6) Low Level Synthesis
  7) Partition Report
  8) Design Summary
       8.1) Primitive and Black Box Usage
       8.2) Device utilization summary
       8.3) Partition Resource Summary
       8.4) Timing Report
            8.4.1) Clock Information
            8.4.2) Asynchronous Control Signals Information
            8.4.3) Timing Summary
            8.4.4) Timing Details
            8.4.5) Cross Clock Domains Report


=========================================================================
*                      Synthesis Options Summary                        *
=========================================================================
---- Source Parameters
Input File Name                    : "L2_cache.prj"
Ignore Synthesis Constraint File   : NO

---- Target Parameters
Output File Name                   : "L2_cache"
Output Format                      : NGC
Target Device                      : xc7k325t-2L-ffg676

---- Source Options
Top Module Name                    : L2_cache
Automatic FSM Extraction           : YES
FSM Encoding Algorithm             : Auto
Safe Implementation                : No
FSM Style                          : LUT
RAM Extraction                     : Yes
RAM Style                          : Auto
ROM Extraction                     : Yes
Shift Register Extraction          : YES
ROM Style                          : Auto
Resource Sharing                   : YES
Asynchronous To Synchronous        : NO
Shift Register Minimum Size        : 2
Use DSP Block                      : Auto
Automatic Register Balancing       : No

---- Target Options
LUT Combining                      : Auto
Reduce Control Sets                : Auto
Add IO Buffers                     : YES
Global Maximum Fanout              : 100000
Add Generic Clock Buffer(BUFG)     : 32
Register Duplication               : YES
Optimize Instantiated Primitives   : NO
Use Clock Enable                   : Auto
Use Synchronous Set                : Auto
Use Synchronous Reset              : Auto
Pack IO Registers into IOBs        : Auto
Equivalent register Removal        : YES

---- General Options
Optimization Goal                  : Speed
Optimization Effort                : 1
Power Reduction                    : NO
Keep Hierarchy                     : No
Netlist Hierarchy                  : As_Optimized
RTL Output                         : Yes
Global Optimization                : AllClockNets
Read Cores                         : YES
Write Timing Constraints           : NO
Cross Clock Analysis               : NO
Hierarchy Separator                : /
Bus Delimiter                      : <>
Case Specifier                     : Maintain
Slice Utilization Ratio            : 100
BRAM Utilization Ratio             : 100
DSP48 Utilization Ratio            : 100
Auto BRAM Packing                  : NO
Slice Utilization Ratio Delta      : 5

---- Other Options
Cores Search Directories           : {"ipcore_dir"  }

=========================================================================


=========================================================================
*                          HDL Parsing                                  *
=========================================================================
Analyzing Verilog file "F:\MyProgramme\0arch\PCPU\L2cache_crl.v" into library work
Parsing module <L2cache_crl>.
Analyzing Verilog file "F:\MyProgramme\0arch\PCPU\cache_mem.v" into library work
Parsing module <cache_mem>.
Analyzing Verilog file "F:\MyProgramme\0arch\PCPU\L2_cache.v" into library work
Parsing module <L2_cache>.

=========================================================================
*                            HDL Elaboration                            *
=========================================================================

Elaborating module <L2_cache>.

Elaborating module <cache_mem(DATA_WIDTH=1,ADDR_WIDTH=10)>.

Elaborating module <cache_mem(DATA_WIDTH=18,ADDR_WIDTH=10)>.

Elaborating module <cache_mem(DATA_WIDTH=128,ADDR_WIDTH=10)>.

Elaborating module <L2cache_crl>.

=========================================================================
*                           HDL Synthesis                               *
=========================================================================

Synthesizing Unit <L2_cache>.
    Related source file is "F:\MyProgramme\0arch\PCPU\L2_cache.v".
WARNING:Xst:647 - Input <Tag_Hi> is never used. This port will be preserved and left unconnected if it belongs to a top-level block or it belongs to a sub-block and the hierarchy of this sub-block is preserved.
    Found 32-bit register for signal <d_addr_>.
    Found 128-bit register for signal <d_data_>.
    Found 1-bit register for signal <i_op_>.
    Found 32-bit register for signal <i_addr_>.
    Found 7-bit register for signal <op_>.
    Found 32-bit register for signal <op_index_>.
    Found 32-bit register for signal <Tag_Lo_>.
    Found 128-bit register for signal <mem_data_>.
    Found 2-bit register for signal <d_op_>.
    Found 18-bit comparator equal for signal <t_data[17]_d_addr_[31]_equal_34_o> created at line 186
    Summary:
	inferred 394 D-type flip-flop(s).
	inferred   1 Comparator(s).
	inferred  11 Multiplexer(s).
Unit <L2_cache> synthesized.

Synthesizing Unit <cache_mem_1>.
    Related source file is "F:\MyProgramme\0arch\PCPU\cache_mem.v".
        DATA_WIDTH = 1
        ADDR_WIDTH = 10
    Found 1024x1-bit dual-port RAM <Mram_data> for signal <data>.
    Found 1-bit register for signal <r_data>.
    Found 10-bit comparator equal for signal <w_addr[9]_r_addr[9]_equal_3_o> created at line 38
    Summary:
	inferred   1 RAM(s).
	inferred   1 D-type flip-flop(s).
	inferred   1 Comparator(s).
	inferred   1 Multiplexer(s).
Unit <cache_mem_1> synthesized.

Synthesizing Unit <cache_mem_2>.
    Related source file is "F:\MyProgramme\0arch\PCPU\cache_mem.v".
        DATA_WIDTH = 18
        ADDR_WIDTH = 10
    Found 1024x18-bit dual-port RAM <Mram_data> for signal <data>.
    Found 18-bit register for signal <r_data>.
    Found 10-bit comparator equal for signal <w_addr[9]_r_addr[9]_equal_3_o> created at line 38
    Summary:
	inferred   1 RAM(s).
	inferred  18 D-type flip-flop(s).
	inferred   1 Comparator(s).
	inferred   1 Multiplexer(s).
Unit <cache_mem_2> synthesized.

Synthesizing Unit <cache_mem_3>.
    Related source file is "F:\MyProgramme\0arch\PCPU\cache_mem.v".
        DATA_WIDTH = 128
        ADDR_WIDTH = 10
    Found 1024x128-bit dual-port RAM <Mram_data> for signal <data>.
    Found 128-bit register for signal <r_data>.
    Found 10-bit comparator equal for signal <w_addr[9]_r_addr[9]_equal_3_o> created at line 38
    Summary:
	inferred   1 RAM(s).
	inferred 128 D-type flip-flop(s).
	inferred   1 Comparator(s).
	inferred   1 Multiplexer(s).
Unit <cache_mem_3> synthesized.

Synthesizing Unit <L2cache_crl>.
    Related source file is "F:\MyProgramme\0arch\PCPU\L2cache_crl.v".
        INIT = 4'b0001
        DECODE = 4'b1010
        OP = 4'b0010
        HITWB = 4'b1011
        IOP = 4'b0011
        IWB = 4'b1100
        IFETCH = 4'b0100
        ISTORE = 4'b0101
        DOP = 4'b0110
        DWB = 4'b0111
        DFETCH = 4'b1000
        DSTORE = 4'b1001
WARNING:Xst:647 - Input <op<0:0>> is never used. This port will be preserved and left unconnected if it belongs to a top-level block or it belongs to a sub-block and the hierarchy of this sub-block is preserved.
WARNING:Xst:647 - Input <op<4:3>> is never used. This port will be preserved and left unconnected if it belongs to a top-level block or it belongs to a sub-block and the hierarchy of this sub-block is preserved.
WARNING:Xst:647 - Input <op<6:6>> is never used. This port will be preserved and left unconnected if it belongs to a top-level block or it belongs to a sub-block and the hierarchy of this sub-block is preserved.
    Found 4-bit register for signal <curstate>.
    Found 16x1-bit Read Only RAM for signal <t_ds>
WARNING:Xst:737 - Found 1-bit latch for signal <nxtstate<3>>. Latches may be generated from incomplete case or if statements. We do not recommend the use of latches in FPGA/CPLD designs, as they may lead to timing problems.
WARNING:Xst:737 - Found 1-bit latch for signal <nxtstate<2>>. Latches may be generated from incomplete case or if statements. We do not recommend the use of latches in FPGA/CPLD designs, as they may lead to timing problems.
WARNING:Xst:737 - Found 1-bit latch for signal <nxtstate<1>>. Latches may be generated from incomplete case or if statements. We do not recommend the use of latches in FPGA/CPLD designs, as they may lead to timing problems.
WARNING:Xst:737 - Found 1-bit latch for signal <nxtstate<0>>. Latches may be generated from incomplete case or if statements. We do not recommend the use of latches in FPGA/CPLD designs, as they may lead to timing problems.
    Summary:
	inferred   1 RAM(s).
	inferred   4 D-type flip-flop(s).
	inferred   4 Latch(s).
	inferred 135 Multiplexer(s).
Unit <L2cache_crl> synthesized.

=========================================================================
HDL Synthesis Report

Macro Statistics
# RAMs                                                 : 5
 1024x1-bit dual-port RAM                              : 2
 1024x128-bit dual-port RAM                            : 1
 1024x18-bit dual-port RAM                             : 1
 16x1-bit single-port Read Only RAM                    : 1
# Registers                                            : 14
 1-bit register                                        : 3
 128-bit register                                      : 3
 18-bit register                                       : 1
 2-bit register                                        : 1
 32-bit register                                       : 4
 4-bit register                                        : 1
 7-bit register                                        : 1
# Latches                                              : 4
 1-bit latch                                           : 4
# Comparators                                          : 5
 10-bit comparator equal                               : 4
 18-bit comparator equal                               : 1
# Multiplexers                                         : 150
 1-bit 2-to-1 multiplexer                              : 137
 10-bit 2-to-1 multiplexer                             : 3
 128-bit 2-to-1 multiplexer                            : 3
 18-bit 2-to-1 multiplexer                             : 5
 32-bit 2-to-1 multiplexer                             : 2

=========================================================================

=========================================================================
*                       Advanced HDL Synthesis                          *
=========================================================================

WARNING:Xst:2677 - Node <op__0> of sequential type is unconnected in block <L2_cache>.
WARNING:Xst:2677 - Node <op__3> of sequential type is unconnected in block <L2_cache>.
WARNING:Xst:2677 - Node <op__4> of sequential type is unconnected in block <L2_cache>.
WARNING:Xst:2677 - Node <op__6> of sequential type is unconnected in block <L2_cache>.
WARNING:Xst:2677 - Node <op_index__0> of sequential type is unconnected in block <L2_cache>.
WARNING:Xst:2677 - Node <op_index__1> of sequential type is unconnected in block <L2_cache>.
WARNING:Xst:2677 - Node <op_index__2> of sequential type is unconnected in block <L2_cache>.
WARNING:Xst:2677 - Node <op_index__3> of sequential type is unconnected in block <L2_cache>.
WARNING:Xst:2677 - Node <Tag_Lo__18> of sequential type is unconnected in block <L2_cache>.
WARNING:Xst:2677 - Node <Tag_Lo__19> of sequential type is unconnected in block <L2_cache>.
WARNING:Xst:2677 - Node <Tag_Lo__20> of sequential type is unconnected in block <L2_cache>.
WARNING:Xst:2677 - Node <Tag_Lo__21> of sequential type is unconnected in block <L2_cache>.
WARNING:Xst:2677 - Node <Tag_Lo__22> of sequential type is unconnected in block <L2_cache>.
WARNING:Xst:2677 - Node <Tag_Lo__23> of sequential type is unconnected in block <L2_cache>.
WARNING:Xst:2677 - Node <Tag_Lo__24> of sequential type is unconnected in block <L2_cache>.
WARNING:Xst:2677 - Node <Tag_Lo__25> of sequential type is unconnected in block <L2_cache>.
WARNING:Xst:2677 - Node <Tag_Lo__26> of sequential type is unconnected in block <L2_cache>.
WARNING:Xst:2677 - Node <Tag_Lo__27> of sequential type is unconnected in block <L2_cache>.
WARNING:Xst:2677 - Node <Tag_Lo__28> of sequential type is unconnected in block <L2_cache>.
WARNING:Xst:2677 - Node <Tag_Lo__29> of sequential type is unconnected in block <L2_cache>.
WARNING:Xst:2677 - Node <Tag_Lo__30> of sequential type is unconnected in block <L2_cache>.
WARNING:Xst:2677 - Node <Tag_Lo__31> of sequential type is unconnected in block <L2_cache>.

Synthesizing (advanced) Unit <L2cache_crl>.
INFO:Xst:3218 - HDL ADVISOR - The RAM <Mram_t_ds> will be implemented on LUTs either because you have described an asynchronous read or because of currently unsupported block RAM features. If you have described an asynchronous read, making it synchronous would allow you to take advantage of available block RAM resources, for optimized device usage and improved timings. Please refer to your documentation for coding guidelines.
    -----------------------------------------------------------------------
    | ram_type           | Distributed                         |          |
    -----------------------------------------------------------------------
    | Port A                                                              |
    |     aspect ratio   | 16-word x 1-bit                     |          |
    |     weA            | connected to signal <GND>           | high     |
    |     addrA          | connected to signal <curstate>      |          |
    |     diA            | connected to signal <GND>           |          |
    |     doA            | connected to signal <t_ds>          |          |
    -----------------------------------------------------------------------
Unit <L2cache_crl> synthesized (advanced).

Synthesizing (advanced) Unit <cache_mem_1>.
INFO:Xst:3218 - HDL ADVISOR - The RAM <Mram_data> will be implemented on LUTs either because you have described an asynchronous read or because of currently unsupported block RAM features. If you have described an asynchronous read, making it synchronous would allow you to take advantage of available block RAM resources, for optimized device usage and improved timings. Please refer to your documentation for coding guidelines.
    -----------------------------------------------------------------------
    | ram_type           | Distributed                         |          |
    -----------------------------------------------------------------------
    | Port A                                                              |
    |     aspect ratio   | 1024-word x 1-bit                   |          |
    |     clkA           | connected to signal <clk>           | rise     |
    |     weA            | connected to signal <w_en>          | high     |
    |     addrA          | connected to signal <w_addr>        |          |
    |     diA            | connected to signal <w_data>        |          |
    -----------------------------------------------------------------------
    | Port B                                                              |
    |     aspect ratio   | 1024-word x 1-bit                   |          |
    |     addrB          | connected to signal <r_addr>        |          |
    |     doB            | connected to internal node          |          |
    -----------------------------------------------------------------------
Unit <cache_mem_1> synthesized (advanced).

Synthesizing (advanced) Unit <cache_mem_2>.
INFO:Xst:3226 - The RAM <Mram_data> will be implemented as a BLOCK RAM, absorbing the following register(s): <r_data>
    -----------------------------------------------------------------------
    | ram_type           | Block                               |          |
    -----------------------------------------------------------------------
    | Port A                                                              |
    |     aspect ratio   | 1024-word x 18-bit                  |          |
    |     mode           | read-first                          |          |
    |     clkA           | connected to signal <clk>           | rise     |
    |     weA            | connected to signal <w_en>          | high     |
    |     addrA          | connected to signal <w_addr>        |          |
    |     diA            | connected to signal <w_data>        |          |
    -----------------------------------------------------------------------
    | optimization       | speed                               |          |
    -----------------------------------------------------------------------
    | Port B                                                              |
    |     aspect ratio   | 1024-word x 18-bit                  |          |
    |     mode           | write-first                         |          |
    |     clkB           | connected to signal <clk>           | rise     |
    |     addrB          | connected to signal <r_addr>        |          |
    |     doB            | connected to signal <r_data>        |          |
    -----------------------------------------------------------------------
    | optimization       | speed                               |          |
    -----------------------------------------------------------------------
Unit <cache_mem_2> synthesized (advanced).

Synthesizing (advanced) Unit <cache_mem_3>.
INFO:Xst:3226 - The RAM <Mram_data> will be implemented as a BLOCK RAM, absorbing the following register(s): <r_data>
    -----------------------------------------------------------------------
    | ram_type           | Block                               |          |
    -----------------------------------------------------------------------
    | Port A                                                              |
    |     aspect ratio   | 1024-word x 128-bit                 |          |
    |     mode           | read-first                          |          |
    |     clkA           | connected to signal <clk>           | rise     |
    |     weA            | connected to signal <w_en>          | high     |
    |     addrA          | connected to signal <w_addr>        |          |
    |     diA            | connected to signal <w_data>        |          |
    -----------------------------------------------------------------------
    | optimization       | speed                               |          |
    -----------------------------------------------------------------------
    | Port B                                                              |
    |     aspect ratio   | 1024-word x 128-bit                 |          |
    |     mode           | write-first                         |          |
    |     clkB           | connected to signal <clk>           | rise     |
    |     addrB          | connected to signal <r_addr>        |          |
    |     doB            | connected to signal <r_data>        |          |
    -----------------------------------------------------------------------
    | optimization       | speed                               |          |
    -----------------------------------------------------------------------
Unit <cache_mem_3> synthesized (advanced).
WARNING:Xst:2677 - Node <op_index__0> of sequential type is unconnected in block <L2_cache>.
WARNING:Xst:2677 - Node <op_index__1> of sequential type is unconnected in block <L2_cache>.
WARNING:Xst:2677 - Node <op_index__2> of sequential type is unconnected in block <L2_cache>.
WARNING:Xst:2677 - Node <op_index__3> of sequential type is unconnected in block <L2_cache>.
WARNING:Xst:2677 - Node <Tag_Lo__18> of sequential type is unconnected in block <L2_cache>.
WARNING:Xst:2677 - Node <Tag_Lo__19> of sequential type is unconnected in block <L2_cache>.
WARNING:Xst:2677 - Node <Tag_Lo__20> of sequential type is unconnected in block <L2_cache>.
WARNING:Xst:2677 - Node <Tag_Lo__21> of sequential type is unconnected in block <L2_cache>.
WARNING:Xst:2677 - Node <Tag_Lo__22> of sequential type is unconnected in block <L2_cache>.
WARNING:Xst:2677 - Node <Tag_Lo__23> of sequential type is unconnected in block <L2_cache>.
WARNING:Xst:2677 - Node <Tag_Lo__24> of sequential type is unconnected in block <L2_cache>.
WARNING:Xst:2677 - Node <Tag_Lo__25> of sequential type is unconnected in block <L2_cache>.
WARNING:Xst:2677 - Node <Tag_Lo__26> of sequential type is unconnected in block <L2_cache>.
WARNING:Xst:2677 - Node <Tag_Lo__27> of sequential type is unconnected in block <L2_cache>.
WARNING:Xst:2677 - Node <Tag_Lo__28> of sequential type is unconnected in block <L2_cache>.
WARNING:Xst:2677 - Node <Tag_Lo__29> of sequential type is unconnected in block <L2_cache>.
WARNING:Xst:2677 - Node <Tag_Lo__30> of sequential type is unconnected in block <L2_cache>.
WARNING:Xst:2677 - Node <Tag_Lo__31> of sequential type is unconnected in block <L2_cache>.

=========================================================================
Advanced HDL Synthesis Report

Macro Statistics
# RAMs                                                 : 5
 1024x1-bit dual-port distributed RAM                  : 2
 1024x128-bit dual-port block RAM                      : 1
 1024x18-bit dual-port block RAM                       : 1
 16x1-bit single-port distributed Read Only RAM        : 1
# Registers                                            : 382
 Flip-Flops                                            : 382
# Comparators                                          : 3
 10-bit comparator equal                               : 2
 18-bit comparator equal                               : 1
# Multiplexers                                         : 458
 1-bit 2-to-1 multiplexer                              : 453
 18-bit 2-to-1 multiplexer                             : 4
 32-bit 2-to-1 multiplexer                             : 1

=========================================================================

=========================================================================
*                         Low Level Synthesis                           *
=========================================================================

Optimizing unit <L2_cache> ...

Optimizing unit <L2cache_crl> ...
WARNING:Xst:2677 - Node <op__0> of sequential type is unconnected in block <L2_cache>.
WARNING:Xst:2677 - Node <op__3> of sequential type is unconnected in block <L2_cache>.
WARNING:Xst:2677 - Node <op__4> of sequential type is unconnected in block <L2_cache>.
WARNING:Xst:2677 - Node <op__6> of sequential type is unconnected in block <L2_cache>.

Mapping all equations...
Building and optimizing final netlist ...
Found area constraint ratio of 100 (+ 5) on block L2_cache, actual ratio is 0.
FlipFlop L2cache_crl_/curstate_0 has been replicated 1 time(s)
FlipFlop L2cache_crl_/curstate_2 has been replicated 2 time(s)
FlipFlop L2cache_crl_/curstate_3 has been replicated 1 time(s)

Final Macro Processing ...

=========================================================================
Final Register Report

Macro Statistics
# Registers                                            : 382
 Flip-Flops                                            : 382

=========================================================================

=========================================================================
*                           Partition Report                            *
=========================================================================

Partition Implementation Status
-------------------------------

  No Partitions were found in this design.

-------------------------------

=========================================================================
*                            Design Summary                             *
=========================================================================

Top Level Output File Name         : L2_cache.ngc

Primitive and Black Box Usage:
------------------------------
# BELS                             : 439
#      GND                         : 1
#      LUT2                        : 5
#      LUT3                        : 272
#      LUT4                        : 24
#      LUT5                        : 73
#      LUT6                        : 55
#      MUXCY                       : 6
#      MUXF7                       : 2
#      VCC                         : 1
# FlipFlops/Latches                : 386
#      FDE                         : 374
#      FDR                         : 6
#      FDS                         : 2
#      LDC                         : 3
#      LDP                         : 1
# RAMS                             : 21
#      RAM128X1D                   : 16
#      RAMB18E1                    : 1
#      RAMB36E1                    : 4
# Clock Buffers                    : 1
#      BUFGP                       : 1
# IO Buffers                       : 732
#      IBUF                        : 374
#      OBUF                        : 358

Device utilization summary:
---------------------------

Selected Device : 7k325tffg676-2l 


Slice Logic Utilization: 
 Number of Slice Registers:             386  out of  407600     0%  
 Number of Slice LUTs:                  493  out of  203800     0%  
    Number used as Logic:               429  out of  203800     0%  
    Number used as Memory:               64  out of  64000     0%  
       Number used as RAM:               64

Slice Logic Distribution: 
 Number of LUT Flip Flop pairs used:    775
   Number with an unused Flip Flop:     389  out of    775    50%  
   Number with an unused LUT:           282  out of    775    36%  
   Number of fully used LUT-FF pairs:   104  out of    775    13%  
   Number of unique control sets:         5

IO Utilization: 
 Number of IOs:                         787
 Number of bonded IOBs:                 733  out of    400   183% (*) 

Specific Feature Utilization:
 Number of Block RAM/FIFO:                5  out of    445     1%  
    Number using Block RAM only:          5
 Number of BUFG/BUFGCTRLs:                1  out of     32     3%  

WARNING:Xst:1336 -  (*) More than 100% of Device resources are used

---------------------------
Partition Resource Summary:
---------------------------

  No Partitions were found in this design.

---------------------------


=========================================================================
Timing Report

NOTE: THESE TIMING NUMBERS ARE ONLY A SYNTHESIS ESTIMATE.
      FOR ACCURATE TIMING INFORMATION PLEASE REFER TO THE TRACE REPORT
      GENERATED AFTER PLACE-and-ROUTE.

Clock Information:
------------------
---------------------------------------------------------------------------------------------+---------------------------------+-------+
Clock Signal                                                                                 | Clock buffer(FF name)           | Load  |
---------------------------------------------------------------------------------------------+---------------------------------+-------+
clk                                                                                          | BUFGP                           | 403   |
L2cache_crl_/curstate[3]_PWR_6_o_Mux_31_o(L2cache_crl_/Mmux_curstate[3]_PWR_6_o_Mux_31_o12:O)| NONE(*)(L2cache_crl_/nxtstate_0)| 4     |
---------------------------------------------------------------------------------------------+---------------------------------+-------+
(*) This 1 clock signal(s) are generated by combinatorial logic,
and XST is not able to identify which are the primary clock signals.
Please use the CLOCK_SIGNAL constraint to specify the clock signal(s) generated by combinatorial logic.
INFO:Xst:2169 - HDL ADVISOR - Some clock signals were not automatically buffered by XST with BUFG/BUFR resources. Please use the buffer_type constraint in order to insert these buffers to the clock signals to help prevent skew problems.

Asynchronous Control Signals Information:
----------------------------------------
-----------------------------------+------------------------+-------+
Control Signal                     | Buffer(FF name)        | Load  |
-----------------------------------+------------------------+-------+
t_w(L2cache_crl_/Mmux_t_w12:O)     | NONE(Tag/Mram_data)    | 2     |
-----------------------------------+------------------------+-------+

Timing Summary:
---------------
Speed Grade: -2

   Minimum period: 5.953ns (Maximum Frequency: 167.985MHz)
   Minimum input arrival time before clock: 1.528ns
   Maximum output required time after clock: 6.061ns
   Maximum combinational path delay: No path found

Timing Details:
---------------
All values displayed in nanoseconds (ns)

=========================================================================
Timing constraint: Default period analysis for Clock 'clk'
  Clock period: 5.953ns (frequency: 167.985MHz)
  Total number of paths / destination ports: 78631 / 558
-------------------------------------------------------------------------
Delay:               5.953ns (Levels of Logic = 14)
  Source:            L2cache_crl_/curstate_2_1 (FF)
  Destination:       V/Mram_data1 (RAM)
  Source Clock:      clk rising
  Destination Clock: clk rising

  Data Path: L2cache_crl_/curstate_2_1 to V/Mram_data1
                                Gate     Net
    Cell:in->out      fanout   Delay   Delay  Logical Name (Net Name)
    ----------------------------------------  ------------
     FDR:C->Q              1   0.236   0.495  L2cache_crl_/curstate_2_1 (L2cache_crl_/curstate_2_1)
     LUT3:I0->O            3   0.043   0.615  L2cache_crl_/Mmux_addr_s2121 (L2cache_crl_/Mmux_addr_s212)
     LUT6:I1->O           38   0.043   0.734  L2cache_crl_/Mmux_addr_s211 (hit_wb)
     LUT5:I0->O            1   0.043   0.603  Mmux_d_addr_[31]_op_index_[31]_mux_32_OUT11 (d_addr_[31]_op_index_[31]_mux_32_OUT<0>)
     LUT6:I1->O            1   0.043   0.000  Mcompar_t_data[17]_d_addr_[31]_equal_34_o_lut<0> (Mcompar_t_data[17]_d_addr_[31]_equal_34_o_lut<0>)
     MUXCY:S->O            1   0.238   0.000  Mcompar_t_data[17]_d_addr_[31]_equal_34_o_cy<0> (Mcompar_t_data[17]_d_addr_[31]_equal_34_o_cy<0>)
     MUXCY:CI->O           1   0.013   0.000  Mcompar_t_data[17]_d_addr_[31]_equal_34_o_cy<1> (Mcompar_t_data[17]_d_addr_[31]_equal_34_o_cy<1>)
     MUXCY:CI->O           1   0.013   0.000  Mcompar_t_data[17]_d_addr_[31]_equal_34_o_cy<2> (Mcompar_t_data[17]_d_addr_[31]_equal_34_o_cy<2>)
     MUXCY:CI->O           1   0.013   0.000  Mcompar_t_data[17]_d_addr_[31]_equal_34_o_cy<3> (Mcompar_t_data[17]_d_addr_[31]_equal_34_o_cy<3>)
     MUXCY:CI->O           1   0.013   0.000  Mcompar_t_data[17]_d_addr_[31]_equal_34_o_cy<4> (Mcompar_t_data[17]_d_addr_[31]_equal_34_o_cy<4>)
     MUXCY:CI->O           1   0.151   0.350  Mcompar_t_data[17]_d_addr_[31]_equal_34_o_cy<5> (t_data[17]_d_addr_[31]_equal_34_o)
     LUT2:I1->O           13   0.043   0.563  cache_hit1 (cache_hit)
     LUT3:I0->O           16   0.043   0.433  L2cache_crl_/Mmux_t_w111 (L2cache_crl_/Mmux_t_w11)
     LUT6:I5->O            8   0.043   0.389  L2cache_crl_/Mmux_v_wdata11_1 (L2cache_crl_/Mmux_v_wdata11)
     LUT4:I3->O            1   0.043   0.339  write_ctrl7 (write_ctrl7)
     RAM128X1D:WE              0.408          V/Mram_data8
    ----------------------------------------
    Total                      5.953ns (1.431ns logic, 4.522ns route)
                                       (24.0% logic, 76.0% route)

=========================================================================
Timing constraint: Default OFFSET IN BEFORE for Clock 'clk'
  Total number of paths / destination ports: 508 / 508
-------------------------------------------------------------------------
Offset:              0.664ns (Levels of Logic = 1)
  Source:            rst (PAD)
  Destination:       L2cache_crl_/curstate_3 (FF)
  Destination Clock: clk rising

  Data Path: rst to L2cache_crl_/curstate_3
                                Gate     Net
    Cell:in->out      fanout   Delay   Delay  Logical Name (Net Name)
    ----------------------------------------  ------------
     IBUF:I->O            12   0.000   0.400  rst_IBUF (rst_IBUF)
     FDS:S                     0.264          L2cache_crl_/curstate_0
    ----------------------------------------
    Total                      0.664ns (0.264ns logic, 0.400ns route)
                                       (39.7% logic, 60.3% route)

=========================================================================
Timing constraint: Default OFFSET IN BEFORE for Clock 'L2cache_crl_/curstate[3]_PWR_6_o_Mux_31_o'
  Total number of paths / destination ports: 12 / 8
-------------------------------------------------------------------------
Offset:              1.528ns (Levels of Logic = 4)
  Source:            mem_ready (PAD)
  Destination:       L2cache_crl_/nxtstate_0 (LATCH)
  Destination Clock: L2cache_crl_/curstate[3]_PWR_6_o_Mux_31_o falling

  Data Path: mem_ready to L2cache_crl_/nxtstate_0
                                Gate     Net
    Cell:in->out      fanout   Delay   Delay  Logical Name (Net Name)
    ----------------------------------------  ------------
     IBUF:I->O           136   0.000   0.644  mem_ready_IBUF (mem_ready_IBUF)
     LUT5:I2->O            1   0.043   0.350  L2cache_crl_/Mmux_curstate[3]_PWR_5_o_Mux_36_o44 (L2cache_crl_/Mmux_curstate[3]_PWR_5_o_Mux_36_o44)
     LUT6:I5->O            1   0.043   0.405  L2cache_crl_/Mmux_curstate[3]_PWR_5_o_Mux_36_o45 (L2cache_crl_/Mmux_curstate[3]_PWR_5_o_Mux_36_o45)
     LUT3:I1->O            1   0.043   0.000  L2cache_crl_/Mmux_curstate[3]_PWR_5_o_Mux_36_o46 (L2cache_crl_/curstate[3]_PWR_5_o_Mux_36_o)
     LDP:D                    -0.034          L2cache_crl_/nxtstate_0
    ----------------------------------------
    Total                      1.528ns (0.129ns logic, 1.399ns route)
                                       (8.4% logic, 91.6% route)

=========================================================================
Timing constraint: Default OFFSET OUT AFTER for Clock 'clk'
  Total number of paths / destination ports: 101434 / 184
-------------------------------------------------------------------------
Offset:              6.061ns (Levels of Logic = 15)
  Source:            L2cache_crl_/curstate_2_1 (FF)
  Destination:       mem_addr<31> (PAD)
  Source Clock:      clk rising

  Data Path: L2cache_crl_/curstate_2_1 to mem_addr<31>
                                Gate     Net
    Cell:in->out      fanout   Delay   Delay  Logical Name (Net Name)
    ----------------------------------------  ------------
     FDR:C->Q              1   0.236   0.495  L2cache_crl_/curstate_2_1 (L2cache_crl_/curstate_2_1)
     LUT3:I0->O            3   0.043   0.615  L2cache_crl_/Mmux_addr_s2121 (L2cache_crl_/Mmux_addr_s212)
     LUT6:I1->O           38   0.043   0.734  L2cache_crl_/Mmux_addr_s211 (hit_wb)
     LUT5:I0->O            1   0.043   0.603  Mmux_d_addr_[31]_op_index_[31]_mux_32_OUT11 (d_addr_[31]_op_index_[31]_mux_32_OUT<0>)
     LUT6:I1->O            1   0.043   0.000  Mcompar_t_data[17]_d_addr_[31]_equal_34_o_lut<0> (Mcompar_t_data[17]_d_addr_[31]_equal_34_o_lut<0>)
     MUXCY:S->O            1   0.238   0.000  Mcompar_t_data[17]_d_addr_[31]_equal_34_o_cy<0> (Mcompar_t_data[17]_d_addr_[31]_equal_34_o_cy<0>)
     MUXCY:CI->O           1   0.013   0.000  Mcompar_t_data[17]_d_addr_[31]_equal_34_o_cy<1> (Mcompar_t_data[17]_d_addr_[31]_equal_34_o_cy<1>)
     MUXCY:CI->O           1   0.013   0.000  Mcompar_t_data[17]_d_addr_[31]_equal_34_o_cy<2> (Mcompar_t_data[17]_d_addr_[31]_equal_34_o_cy<2>)
     MUXCY:CI->O           1   0.013   0.000  Mcompar_t_data[17]_d_addr_[31]_equal_34_o_cy<3> (Mcompar_t_data[17]_d_addr_[31]_equal_34_o_cy<3>)
     MUXCY:CI->O           1   0.013   0.000  Mcompar_t_data[17]_d_addr_[31]_equal_34_o_cy<4> (Mcompar_t_data[17]_d_addr_[31]_equal_34_o_cy<4>)
     MUXCY:CI->O           1   0.151   0.350  Mcompar_t_data[17]_d_addr_[31]_equal_34_o_cy<5> (t_data[17]_d_addr_[31]_equal_34_o)
     LUT2:I1->O           13   0.043   0.563  cache_hit1 (cache_hit)
     LUT3:I0->O           16   0.043   0.605  L2cache_crl_/Mmux_t_w111 (L2cache_crl_/Mmux_t_w11)
     LUT6:I2->O           33   0.043   0.733  L2cache_crl_/Mmux_addr_s23 (mem_w_OBUF)
     LUT5:I0->O            1   0.043   0.339  Mmux_mem_addr251 (mem_addr_31_OBUF)
     OBUF:I->O                 0.000          mem_addr_31_OBUF (mem_addr<31>)
    ----------------------------------------
    Total                      6.061ns (1.023ns logic, 5.038ns route)
                                       (16.9% logic, 83.1% route)

=========================================================================

Cross Clock Domains Report:
--------------------------

Clock to Setup on destination clock L2cache_crl_/curstate[3]_PWR_6_o_Mux_31_o
---------------+---------+---------+---------+---------+
               | Src:Rise| Src:Fall| Src:Rise| Src:Fall|
Source Clock   |Dest:Rise|Dest:Rise|Dest:Fall|Dest:Fall|
---------------+---------+---------+---------+---------+
clk            |         |         |    5.565|         |
---------------+---------+---------+---------+---------+

Clock to Setup on destination clock clk
-----------------------------------------+---------+---------+---------+---------+
                                         | Src:Rise| Src:Fall| Src:Rise| Src:Fall|
Source Clock                             |Dest:Rise|Dest:Rise|Dest:Fall|Dest:Fall|
-----------------------------------------+---------+---------+---------+---------+
L2cache_crl_/curstate[3]_PWR_6_o_Mux_31_o|         |    0.681|         |         |
clk                                      |    5.953|         |         |         |
-----------------------------------------+---------+---------+---------+---------+

=========================================================================


Total REAL time to Xst completion: 14.00 secs
Total CPU time to Xst completion: 13.96 secs
 
--> 

Total memory usage is 447736 kilobytes

Number of errors   :    0 (   0 filtered)
Number of warnings :   53 (   0 filtered)
Number of infos    :    5 (   0 filtered)

