Release 14.7 - xst P.20131013 (nt64)
Copyright (c) 1995-2013 Xilinx, Inc.  All rights reserved.
--> Parameter TMPDIR set to xst/projnav.tmp


Total REAL time to Xst completion: 1.00 secs
Total CPU time to Xst completion: 0.10 secs
 
--> Parameter xsthdpdir set to xst


Total REAL time to Xst completion: 1.00 secs
Total CPU time to Xst completion: 0.11 secs
 
--> Reading design: led_controller.prj

TABLE OF CONTENTS
  1) Synthesis Options Summary
  2) HDL Parsing
  3) HDL Elaboration
  4) HDL Synthesis
       4.1) HDL Synthesis Report
  5) Advanced HDL Synthesis
       5.1) Advanced HDL Synthesis Report
  6) Low Level Synthesis
  7) Partition Report
  8) Design Summary
       8.1) Primitive and Black Box Usage
       8.2) Device utilization summary
       8.3) Partition Resource Summary
       8.4) Timing Report
            8.4.1) Clock Information
            8.4.2) Asynchronous Control Signals Information
            8.4.3) Timing Summary
            8.4.4) Timing Details
            8.4.5) Cross Clock Domains Report


=========================================================================
*                      Synthesis Options Summary                        *
=========================================================================
---- Source Parameters
Input File Name                    : "led_controller.prj"
Ignore Synthesis Constraint File   : NO

---- Target Parameters
Output File Name                   : "led_controller"
Output Format                      : NGC
Target Device                      : xc7k325t-2L-ffg676

---- Source Options
Top Module Name                    : led_controller
Automatic FSM Extraction           : YES
FSM Encoding Algorithm             : Auto
Safe Implementation                : No
FSM Style                          : LUT
RAM Extraction                     : Yes
RAM Style                          : Auto
ROM Extraction                     : Yes
Shift Register Extraction          : YES
ROM Style                          : Auto
Resource Sharing                   : YES
Asynchronous To Synchronous        : NO
Shift Register Minimum Size        : 2
Use DSP Block                      : Auto
Automatic Register Balancing       : No

---- Target Options
LUT Combining                      : Auto
Reduce Control Sets                : Auto
Add IO Buffers                     : YES
Global Maximum Fanout              : 100000
Add Generic Clock Buffer(BUFG)     : 32
Register Duplication               : YES
Optimize Instantiated Primitives   : NO
Use Clock Enable                   : Auto
Use Synchronous Set                : Auto
Use Synchronous Reset              : Auto
Pack IO Registers into IOBs        : Auto
Equivalent register Removal        : YES

---- General Options
Optimization Goal                  : Speed
Optimization Effort                : 1
Power Reduction                    : NO
Keep Hierarchy                     : No
Netlist Hierarchy                  : As_Optimized
RTL Output                         : Yes
Global Optimization                : AllClockNets
Read Cores                         : YES
Write Timing Constraints           : NO
Cross Clock Analysis               : NO
Hierarchy Separator                : /
Bus Delimiter                      : <>
Case Specifier                     : Maintain
Slice Utilization Ratio            : 100
BRAM Utilization Ratio             : 100
DSP48 Utilization Ratio            : 100
Auto BRAM Packing                  : NO
Slice Utilization Ratio Delta      : 5

---- Other Options
Cores Search Directories           : {"ipcore_dir"  }

=========================================================================


=========================================================================
*                          HDL Parsing                                  *
=========================================================================
Analyzing Verilog file "F:\MyProgramme\0arch\PCPU\led_parallel2serial_io.v" into library work
Parsing module <led_parallel2serial>.
Analyzing Verilog file "F:\MyProgramme\0arch\PCPU\led_controller.v" into library work
Parsing module <led_controller>.

=========================================================================
*                            HDL Elaboration                            *
=========================================================================

Elaborating module <led_controller>.

Elaborating module <led_parallel2serial>.
WARNING:HDLCompiler:1499 - "F:\MyProgramme\0arch\PCPU\led_parallel2serial_io.v" Line 6: Empty module <led_parallel2serial> remains a black box.

=========================================================================
*                           HDL Synthesis                               *
=========================================================================

Synthesizing Unit <led_controller>.
    Related source file is "F:\MyProgramme\0arch\PCPU\led_controller.v".
WARNING:Xst:647 - Input <we<3:2>> is never used. This port will be preserved and left unconnected if it belongs to a top-level block or it belongs to a sub-block and the hierarchy of this sub-block is preserved.
WARNING:Xst:647 - Input <wdata<31:16>> is never used. This port will be preserved and left unconnected if it belongs to a top-level block or it belongs to a sub-block and the hierarchy of this sub-block is preserved.
INFO:Xst:3210 - "F:\MyProgramme\0arch\PCPU\led_controller.v" line 47: Output port <busy> of the instance <P2S> is unconnected or connected to loadless signal.
INFO:Xst:3210 - "F:\MyProgramme\0arch\PCPU\led_controller.v" line 47: Output port <finish> of the instance <P2S> is unconnected or connected to loadless signal.
    Found 1-bit register for signal <leds<14>>.
    Found 1-bit register for signal <leds<13>>.
    Found 1-bit register for signal <leds<12>>.
    Found 1-bit register for signal <leds<11>>.
    Found 1-bit register for signal <leds<10>>.
    Found 1-bit register for signal <leds<9>>.
    Found 1-bit register for signal <leds<8>>.
    Found 1-bit register for signal <leds<7>>.
    Found 1-bit register for signal <leds<6>>.
    Found 1-bit register for signal <leds<5>>.
    Found 1-bit register for signal <leds<4>>.
    Found 1-bit register for signal <leds<3>>.
    Found 1-bit register for signal <leds<2>>.
    Found 1-bit register for signal <leds<1>>.
    Found 1-bit register for signal <leds<0>>.
    Found 1-bit register for signal <leds<15>>.
    Summary:
	inferred  16 D-type flip-flop(s).
Unit <led_controller> synthesized.

=========================================================================
HDL Synthesis Report

Macro Statistics
# Registers                                            : 16
 1-bit register                                        : 16

=========================================================================

=========================================================================
*                       Advanced HDL Synthesis                          *
=========================================================================

Reading core <led_parallel2serial.ngc>.
Loading core <led_parallel2serial> for timing and area information for instance <P2S>.

=========================================================================
Advanced HDL Synthesis Report

Macro Statistics
# Registers                                            : 16
 Flip-Flops                                            : 16

=========================================================================

=========================================================================
*                         Low Level Synthesis                           *
=========================================================================

Optimizing unit <led_controller> ...

Mapping all equations...
Building and optimizing final netlist ...
Found area constraint ratio of 100 (+ 5) on block led_controller, actual ratio is 0.
FlipFlop leds_15 has been replicated 1 time(s) to handle iob=true attribute.
FlipFlop leds_14 has been replicated 1 time(s) to handle iob=true attribute.
FlipFlop leds_13 has been replicated 1 time(s) to handle iob=true attribute.
FlipFlop leds_12 has been replicated 1 time(s) to handle iob=true attribute.
FlipFlop leds_11 has been replicated 1 time(s) to handle iob=true attribute.
FlipFlop leds_10 has been replicated 1 time(s) to handle iob=true attribute.
FlipFlop leds_9 has been replicated 1 time(s) to handle iob=true attribute.
FlipFlop leds_8 has been replicated 1 time(s) to handle iob=true attribute.
FlipFlop leds_7 has been replicated 1 time(s) to handle iob=true attribute.
FlipFlop leds_6 has been replicated 1 time(s) to handle iob=true attribute.
FlipFlop leds_5 has been replicated 1 time(s) to handle iob=true attribute.
FlipFlop leds_4 has been replicated 1 time(s) to handle iob=true attribute.
FlipFlop leds_3 has been replicated 1 time(s) to handle iob=true attribute.
FlipFlop leds_2 has been replicated 1 time(s) to handle iob=true attribute.
FlipFlop leds_1 has been replicated 1 time(s) to handle iob=true attribute.
FlipFlop leds_0 has been replicated 1 time(s) to handle iob=true attribute.

Final Macro Processing ...

=========================================================================
Final Register Report

Macro Statistics
# Registers                                            : 32
 Flip-Flops                                            : 32

=========================================================================

=========================================================================
*                           Partition Report                            *
=========================================================================

Partition Implementation Status
-------------------------------

  No Partitions were found in this design.

-------------------------------

=========================================================================
*                            Design Summary                             *
=========================================================================

Top Level Output File Name         : led_controller.ngc

Primitive and Black Box Usage:
------------------------------
# BELS                             : 111
#      GND                         : 2
#      INV                         : 1
#      LUT2                        : 1
#      LUT3                        : 29
#      LUT4                        : 19
#      LUT5                        : 2
#      LUT6                        : 7
#      MUXCY                       : 24
#      VCC                         : 1
#      XORCY                       : 25
# FlipFlops/Latches                : 86
#      FD                          : 1
#      FDE                         : 16
#      FDR                         : 33
#      FDRE                        : 36
# Clock Buffers                    : 1
#      BUFGP                       : 1
# IO Buffers                       : 54
#      IBUF                        : 19
#      OBUF                        : 35

Device utilization summary:
---------------------------

Selected Device : 7k325tffg676-2l 


Slice Logic Utilization: 
 Number of Slice Registers:              70  out of  407600     0%  
 Number of Slice LUTs:                   59  out of  203800     0%  
    Number used as Logic:                59  out of  203800     0%  

Slice Logic Distribution: 
 Number of LUT Flip Flop pairs used:     76
   Number with an unused Flip Flop:       6  out of     76     7%  
   Number with an unused LUT:            17  out of     76    22%  
   Number of fully used LUT-FF pairs:    53  out of     76    69%  
   Number of unique control sets:         7

IO Utilization: 
 Number of IOs:                          73
 Number of bonded IOBs:                  55  out of    400    13%  
    IOB Flip Flops/Latches:              16

Specific Feature Utilization:
 Number of BUFG/BUFGCTRLs:                1  out of     32     3%  

---------------------------
Partition Resource Summary:
---------------------------

  No Partitions were found in this design.

---------------------------


=========================================================================
Timing Report

NOTE: THESE TIMING NUMBERS ARE ONLY A SYNTHESIS ESTIMATE.
      FOR ACCURATE TIMING INFORMATION PLEASE REFER TO THE TRACE REPORT
      GENERATED AFTER PLACE-and-ROUTE.

Clock Information:
------------------
-----------------------------------+------------------------+-------+
Clock Signal                       | Clock buffer(FF name)  | Load  |
-----------------------------------+------------------------+-------+
clk                                | BUFGP                  | 86    |
-----------------------------------+------------------------+-------+

Asynchronous Control Signals Information:
----------------------------------------
No asynchronous control signals found in this design

Timing Summary:
---------------
Speed Grade: -2

   Minimum period: 1.862ns (Maximum Frequency: 537.158MHz)
   Minimum input arrival time before clock: 1.383ns
   Maximum output required time after clock: 0.620ns
   Maximum combinational path delay: No path found

Timing Details:
---------------
All values displayed in nanoseconds (ns)

=========================================================================
Timing constraint: Default period analysis for Clock 'clk'
  Clock period: 1.862ns (frequency: 537.158MHz)
  Total number of paths / destination ports: 1244 / 78
-------------------------------------------------------------------------
Delay:               1.862ns (Levels of Logic = 2)
  Source:            P2S/data_count_3 (FF)
  Destination:       P2S/buff_0 (FF)
  Source Clock:      clk rising
  Destination Clock: clk rising

  Data Path: P2S/data_count_3 to P2S/buff_0
                                Gate     Net
    Cell:in->out      fanout   Delay   Delay  Logical Name (Net Name)
    ----------------------------------------  ------------
     FDRE:C->Q             2   0.236   0.527  data_count_3 (data_count<3>)
     LUT4:I0->O            4   0.043   0.422  state_FSM_FFd3-In_SW0 (N2)
     LUT6:I4->O           17   0.043   0.429  _n0145_inv1 (_n0145_inv)
     FDE:CE                    0.161          buff_0
    ----------------------------------------
    Total                      1.862ns (0.483ns logic, 1.379ns route)
                                       (25.9% logic, 74.1% route)

=========================================================================
Timing constraint: Default OFFSET IN BEFORE for Clock 'clk'
  Total number of paths / destination ports: 150 / 150
-------------------------------------------------------------------------
Offset:              1.383ns (Levels of Logic = 3)
  Source:            rst (PAD)
  Destination:       P2S/buff_0 (FF)
  Destination Clock: clk rising

  Data Path: rst to P2S/buff_0
                                Gate     Net
    Cell:in->out      fanout   Delay   Delay  Logical Name (Net Name)
    ----------------------------------------  ------------
     IBUF:I->O            67   0.000   0.749  rst_IBUF (rst_IBUF)
     begin scope: 'P2S:rst'
     LUT6:I0->O           17   0.043   0.429  _n0145_inv1 (_n0145_inv)
     FDE:CE                    0.161          buff_0
    ----------------------------------------
    Total                      1.383ns (0.204ns logic, 1.179ns route)
                                       (14.8% logic, 85.2% route)

=========================================================================
Timing constraint: Default OFFSET OUT AFTER for Clock 'clk'
  Total number of paths / destination ports: 18 / 18
-------------------------------------------------------------------------
Offset:              0.620ns (Levels of Logic = 2)
  Source:            P2S/led_clk (FF)
  Destination:       led_clk (PAD)
  Source Clock:      clk rising

  Data Path: P2S/led_clk to led_clk
                                Gate     Net
    Cell:in->out      fanout   Delay   Delay  Logical Name (Net Name)
    ----------------------------------------  ------------
     FDR:C->Q              9   0.236   0.384  led_clk (led_clk)
     end scope: 'P2S:led_clk'
     OBUF:I->O                 0.000          led_clk_OBUF (led_clk)
    ----------------------------------------
    Total                      0.620ns (0.236ns logic, 0.384ns route)
                                       (38.1% logic, 61.9% route)

=========================================================================

Cross Clock Domains Report:
--------------------------

Clock to Setup on destination clock clk
---------------+---------+---------+---------+---------+
               | Src:Rise| Src:Fall| Src:Rise| Src:Fall|
Source Clock   |Dest:Rise|Dest:Rise|Dest:Fall|Dest:Fall|
---------------+---------+---------+---------+---------+
clk            |    1.862|         |         |         |
---------------+---------+---------+---------+---------+

=========================================================================


Total REAL time to Xst completion: 14.00 secs
Total CPU time to Xst completion: 13.61 secs
 
--> 

Total memory usage is 449464 kilobytes

Number of errors   :    0 (   0 filtered)
Number of warnings :    3 (   0 filtered)
Number of infos    :    2 (   0 filtered)

